#
# There is insufficient memory for the Java Runtime Environment to continue.
# Native memory allocation (malloc) failed to allocate 2097152 bytes for AllocateHeap
# Possible reasons:
#   The system is out of physical RAM or swap space
#   The process is running with CompressedOops enabled, and the Java Heap may be blocking the growth of the native heap
# Possible solutions:
#   Reduce memory load on the system
#   Increase physical memory or swap space
#   Check if swap backing store is full
#   Decrease Java heap size (-Xmx/-Xms)
#   Decrease number of Java threads
#   Decrease Java thread stack sizes (-Xss)
#   Set larger code cache with -XX:ReservedCodeCacheSize=
#   JVM is running with Unscaled Compressed Oops mode in which the Java heap is
#     placed in the first 4GB address space. The Java Heap base address is the
#     maximum limit for the native heap growth. Please use -XX:HeapBaseMinAddress
#     to set the Java Heap base and to place the Java Heap above 4GB virtual address.
# This output file may be truncated or incomplete.
#
#  Out of Memory Error (allocation.cpp:44), pid=26276, tid=24884
#
# JRE version: OpenJDK Runtime Environment Temurin-17.0.9+9 (17.0.9+9) (build 17.0.9+9)
# Java VM: OpenJDK 64-Bit Server VM Temurin-17.0.9+9 (17.0.9+9, mixed mode, emulated-client, tiered, compressed oops, compressed class ptrs, g1 gc, windows-amd64)
# No core dump will be written. Minidumps are not enabled by default on client versions of Windows
#

---------------  S U M M A R Y ------------

Command Line: -XX:+HeapDumpOnOutOfMemoryError -Xmx1024m -Dsts.lsp.client=vscode -Dsts.log.file=/dev/null -XX:TieredStopAtLevel=1 -Xlog:jni+resolve=off -Dspring.config.location=file:c:\Users\Joe\.vscode\extensions\vmware.vscode-spring-boot-1.51.0\language-server\BOOT-INF\classes\application.properties org.springframework.ide.vscode.boot.app.BootLanguageServerBootApp

Host: AMD Ryzen 7 5800H with Radeon Graphics         , 16 cores, 15G,  Windows 10 , 64 bit Build 19041 (10.0.19041.3636)
Time: Mon Jan  8 21:46:13 2024 SE Asia Standard Time elapsed time: 4184.051981 seconds (0d 1h 9m 44s)

---------------  T H R E A D  ---------------

Current thread (0x00000215e607e400):  VMThread "VM Thread" [stack: 0x000000656c600000,0x000000656c700000] [id=24884]

Stack: [0x000000656c600000,0x000000656c700000]
Native frames: (J=compiled Java code, j=interpreted, Vv=VM code, C=native code)
V  [jvm.dll+0x67cf49]
V  [jvm.dll+0x83478a]
V  [jvm.dll+0x83624e]
V  [jvm.dll+0x8368b3]
V  [jvm.dll+0x247f1f]
V  [jvm.dll+0xa6b4b]
V  [jvm.dll+0x2f8f01]
V  [jvm.dll+0x2f4af0]
V  [jvm.dll+0x2dd0d7]
V  [jvm.dll+0x320357]
V  [jvm.dll+0x83adab]
V  [jvm.dll+0x83baf1]
V  [jvm.dll+0x83c00d]
V  [jvm.dll+0x83c3e4]
V  [jvm.dll+0x83c4b0]
V  [jvm.dll+0x7e3c3a]
V  [jvm.dll+0x67be35]
C  [ucrtbase.dll+0x21bb2]
C  [KERNEL32.DLL+0x17344]
C  [ntdll.dll+0x526b1]

VM_Operation (0x000000656e7feb40): G1CollectFull, mode: safepoint, requested by thread 0x00000215ebd49820


---------------  P R O C E S S  ---------------

Threads class SMR info:
_java_thread_list=0x00000215ec7c9470, length=34, elements={
0x00000215e606d2a0, 0x00000215e606e120, 0x00000215e60c9a50, 0x00000215e60cc7e0,
0x00000215e60ce1b0, 0x00000215e60ceb70, 0x00000215e60cf5e0, 0x00000215e60d0ff0,
0x00000215e6335ab0, 0x00000215e634a410, 0x00000215ebc7e2a0, 0x00000215ebd49820,
0x00000215ebc7ea70, 0x00000215da7a2a60, 0x00000215ebdaef40, 0x00000215ebdb21f0,
0x00000215ebe5e110, 0x00000215ebe5ae70, 0x00000215ebe5dc00, 0x00000215ebe5b890,
0x00000215ebe5e620, 0x00000215ebe5d1e0, 0x00000215ebe5d6f0, 0x00000215ebe5c7c0,
0x00000215ebe5c2b0, 0x00000215e61fe7c0, 0x00000215e61fdda0, 0x00000215e61fbf40,
0x00000215e6200620, 0x00000215e6201550, 0x00000215e6202480, 0x00000215e61fc960,
0x00000215e61fba30, 0x00000215e6201a60
}

Java Threads: ( => current thread )
  0x00000215e606d2a0 JavaThread "Reference Handler" daemon [_thread_blocked, id=26564, stack(0x000000656c700000,0x000000656c800000)]
  0x00000215e606e120 JavaThread "Finalizer" daemon [_thread_blocked, id=8724, stack(0x000000656c800000,0x000000656c900000)]
  0x00000215e60c9a50 JavaThread "Signal Dispatcher" daemon [_thread_blocked, id=10152, stack(0x000000656c900000,0x000000656ca00000)]
  0x00000215e60cc7e0 JavaThread "Attach Listener" daemon [_thread_blocked, id=9252, stack(0x000000656ca00000,0x000000656cb00000)]
  0x00000215e60ce1b0 JavaThread "Service Thread" daemon [_thread_blocked, id=15564, stack(0x000000656cb00000,0x000000656cc00000)]
  0x00000215e60ceb70 JavaThread "Monitor Deflation Thread" daemon [_thread_blocked, id=24952, stack(0x000000656cc00000,0x000000656cd00000)]
  0x00000215e60cf5e0 JavaThread "C1 CompilerThread0" daemon [_thread_blocked, id=14752, stack(0x000000656cd00000,0x000000656ce00000)]
  0x00000215e60d0ff0 JavaThread "Sweeper thread" daemon [_thread_blocked, id=13800, stack(0x000000656ce00000,0x000000656cf00000)]
  0x00000215e6335ab0 JavaThread "Notification Thread" daemon [_thread_blocked, id=11688, stack(0x000000656d000000,0x000000656d100000)]
  0x00000215e634a410 JavaThread "Common-Cleaner" daemon [_thread_blocked, id=24748, stack(0x000000656d200000,0x000000656d300000)]
  0x00000215ebc7e2a0 JavaThread "boundedElastic-evictor-1" daemon [_thread_blocked, id=804, stack(0x000000656e600000,0x000000656e700000)]
  0x00000215ebd49820 JavaThread "pool-12-thread-1" [_thread_blocked, id=1416, stack(0x000000656e700000,0x000000656e800000)]
  0x00000215ebc7ea70 JavaThread "LanguageServerApp-lifecycle" [_thread_blocked, id=2244, stack(0x000000656e800000,0x000000656e900000)]
  0x00000215da7a2a60 JavaThread "DestroyJavaVM" [_thread_blocked, id=15764, stack(0x000000656c000000,0x000000656c100000)]
  0x00000215ebdaef40 JavaThread "pool-13-thread-1" [_thread_in_native, id=11240, stack(0x000000656e900000,0x000000656ea00000)]
  0x00000215ebdb21f0 JavaThread "Simple-Language-Server main thread" daemon [_thread_blocked, id=7756, stack(0x000000656ea00000,0x000000656eb00000)]
  0x00000215ebe5e110 JavaThread "pool-8-thread-1" [_thread_blocked, id=18944, stack(0x000000656ee00000,0x000000656ef00000)]
  0x00000215ebe5ae70 JavaThread "parallel-1" daemon [_thread_blocked, id=2592, stack(0x000000656ef00000,0x000000656f000000)]
  0x00000215ebe5dc00 JavaThread "pool-6-thread-1" [_thread_blocked, id=19004, stack(0x000000656f000000,0x000000656f100000)]
  0x00000215ebe5b890 JavaThread "parallel-2" daemon [_thread_blocked, id=19436, stack(0x000000656f100000,0x000000656f200000)]
  0x00000215ebe5e620 JavaThread "parallel-3" daemon [_thread_blocked, id=11308, stack(0x000000656f200000,0x000000656f300000)]
  0x00000215ebe5d1e0 JavaThread "parallel-4" daemon [_thread_blocked, id=23716, stack(0x000000656f500000,0x000000656f600000)]
  0x00000215ebe5d6f0 JavaThread "parallel-5" daemon [_thread_blocked, id=21628, stack(0x000000656f600000,0x000000656f700000)]
  0x00000215ebe5c7c0 JavaThread "Reconciler-1" daemon [_thread_blocked, id=22216, stack(0x000000656f800000,0x000000656f900000)]
  0x00000215ebe5c2b0 JavaThread "parallel-6" daemon [_thread_blocked, id=1932, stack(0x000000656bf00000,0x000000656c000000)]
  0x00000215e61fe7c0 JavaThread "parallel-7" daemon [_thread_blocked, id=16436, stack(0x000000656d400000,0x000000656d500000)]
  0x00000215e61fdda0 JavaThread "parallel-8" daemon [_thread_blocked, id=6788, stack(0x000000656dd00000,0x000000656de00000)]
  0x00000215e61fbf40 JavaThread "parallel-9" daemon [_thread_blocked, id=12372, stack(0x000000656db00000,0x000000656dc00000)]
  0x00000215e6200620 JavaThread "parallel-10" daemon [_thread_blocked, id=10680, stack(0x000000656dc00000,0x000000656dd00000)]
  0x00000215e6201550 JavaThread "parallel-11" daemon [_thread_blocked, id=21512, stack(0x000000656ec00000,0x000000656ed00000)]
  0x00000215e6202480 JavaThread "parallel-12" daemon [_thread_blocked, id=25616, stack(0x000000656ed00000,0x000000656ee00000)]
  0x00000215e61fc960 JavaThread "parallel-13" daemon [_thread_blocked, id=23248, stack(0x000000656f400000,0x000000656f500000)]
  0x00000215e61fba30 JavaThread "parallel-14" daemon [_thread_blocked, id=8096, stack(0x000000656f700000,0x000000656f800000)]
  0x00000215e6201a60 JavaThread "parallel-15" daemon [_thread_blocked, id=9336, stack(0x000000656be00000,0x000000656bf00000)]

Other Threads:
=>0x00000215e607e400 VMThread "VM Thread" [stack: 0x000000656c600000,0x000000656c700000] [id=24884]
  0x00000215e6335f90 WatcherThread [stack: 0x000000656d100000,0x000000656d200000] [id=11372]
  0x00000215da7e0e80 GCTaskThread "GC Thread#0" [stack: 0x000000656c100000,0x000000656c200000] [id=27828]
  0x00000215eb16acd0 GCTaskThread "GC Thread#1" [stack: 0x000000656d500000,0x000000656d600000] [id=5104]
  0x00000215eb14b130 GCTaskThread "GC Thread#2" [stack: 0x000000656d600000,0x000000656d700000] [id=15520]
  0x00000215eb14b3f0 GCTaskThread "GC Thread#3" [stack: 0x000000656d700000,0x000000656d800000] [id=13736]
  0x00000215eb15be80 GCTaskThread "GC Thread#4" [stack: 0x000000656d800000,0x000000656d900000] [id=19044]
  0x00000215eb38dc00 GCTaskThread "GC Thread#5" [stack: 0x000000656d900000,0x000000656da00000] [id=6896]
  0x00000215eb6302b0 GCTaskThread "GC Thread#6" [stack: 0x000000656de00000,0x000000656df00000] [id=15824]
  0x00000215eb5f01c0 GCTaskThread "GC Thread#7" [stack: 0x000000656df00000,0x000000656e000000] [id=12208]
  0x00000215eb6477d0 GCTaskThread "GC Thread#8" [stack: 0x000000656e000000,0x000000656e100000] [id=17828]
  0x00000215eb6a9e90 GCTaskThread "GC Thread#9" [stack: 0x000000656e100000,0x000000656e200000] [id=7112]
  0x00000215eb6aad70 GCTaskThread "GC Thread#10" [stack: 0x000000656e200000,0x000000656e300000] [id=11428]
  0x00000215eb6ab030 GCTaskThread "GC Thread#11" [stack: 0x000000656e300000,0x000000656e400000] [id=14836]
  0x00000215eb84f390 GCTaskThread "GC Thread#12" [stack: 0x000000656da00000,0x000000656db00000] [id=9388]
  0x00000215da7e9dd0 ConcurrentGCThread "G1 Main Marker" [stack: 0x000000656c200000,0x000000656c300000] [id=11180]
  0x00000215da7ea7f0 ConcurrentGCThread "G1 Conc#0" [stack: 0x000000656c300000,0x000000656c400000] [id=2524]
  0x00000215eb659ca0 ConcurrentGCThread "G1 Conc#1" [stack: 0x000000656e400000,0x000000656e500000] [id=27088]
  0x00000215eb659f60 ConcurrentGCThread "G1 Conc#2" [stack: 0x000000656e500000,0x000000656e600000] [id=2300]
  0x00000215da85db30 ConcurrentGCThread "G1 Refine#0" [stack: 0x000000656c400000,0x000000656c500000] [id=18680]
  0x00000215da85e560 ConcurrentGCThread "G1 Service" [stack: 0x000000656c500000,0x000000656c600000] [id=14192]

Threads with active compile tasks:

VM state: at safepoint (normal execution)

VM Mutex/Monitor currently owned by a thread:  ([mutex/lock_event])
[0x00000215d857ce80] Threads_lock - owner thread: 0x00000215e607e400
[0x00000215da7a07e0] Heap_lock - owner thread: 0x00000215ebd49820

Heap address: 0x00000000c0000000, size: 1024 MB, Compressed Oops mode: 32-bit

CDS archive(s) not mapped
Compressed class space mapped at: 0x0000000100000000-0x0000000140000000, reserved size: 1073741824
Narrow klass base: 0x0000000000000000, Narrow klass shift: 3, Narrow klass range: 0x140000000

GC Precious Log:
 CPUs: 16 total, 16 available
 Memory: 15724M
 Large Page Support: Disabled
 NUMA Support: Disabled
 Compressed Oops: Enabled (32-bit)
 Heap Region Size: 1M
 Heap Min Capacity: 8M
 Heap Initial Capacity: 246M
 Heap Max Capacity: 1G
 Pre-touch: Disabled
 Parallel Workers: 13
 Concurrent Workers: 3
 Concurrent Refinement Workers: 13
 Periodic GC: Disabled

Heap:
 garbage-first heap   total 119808K, used 35090K [0x00000000c0000000, 0x0000000100000000)
  region size 1024K, 1 young (1024K), 0 survivors (0K)
 Metaspace       used 58920K, committed 59392K, reserved 1114112K
  class space    used 7326K, committed 7552K, reserved 1048576K

Heap Regions: E=young(eden), S=young(survivor), O=old, HS=humongous(starts), HC=humongous(continues), CS=collection set, F=free, OA=open archive, CA=closed archive, TAMS=top-at-mark-start (previous, next)
|   0|0x00000000c0000000, 0x00000000c0100000, 0x00000000c0100000|100%|HS|  |TAMS 0x00000000c0100000, 0x00000000c0000000| Untracked 
|   1|0x00000000c0100000, 0x00000000c0200000, 0x00000000c0200000|100%|HC|  |TAMS 0x00000000c0200000, 0x00000000c0100000| Untracked 
|   2|0x00000000c0200000, 0x00000000c0300000, 0x00000000c0300000|100%|HC|  |TAMS 0x00000000c0300000, 0x00000000c0200000| Untracked 
|   3|0x00000000c0300000, 0x00000000c0400000, 0x00000000c0400000|100%|HC|  |TAMS 0x00000000c0400000, 0x00000000c0300000| Untracked 
|   4|0x00000000c0400000, 0x00000000c04f84f0, 0x00000000c0500000| 96%| O|  |TAMS 0x00000000c04f84f0, 0x00000000c0400000| Untracked 
|   5|0x00000000c0500000, 0x00000000c05fffa8, 0x00000000c0600000| 99%| O|  |TAMS 0x00000000c05fffa8, 0x00000000c0500000| Untracked 
|   6|0x00000000c0600000, 0x00000000c06fffd8, 0x00000000c0700000| 99%| O|  |TAMS 0x00000000c06fffd8, 0x00000000c0600000| Untracked 
|   7|0x00000000c0700000, 0x00000000c0800000, 0x00000000c0800000|100%| O|  |TAMS 0x00000000c0800000, 0x00000000c0700000| Untracked 
|   8|0x00000000c0800000, 0x00000000c08fff90, 0x00000000c0900000| 99%| O|  |TAMS 0x00000000c08fff90, 0x00000000c0800000| Untracked 
|   9|0x00000000c0900000, 0x00000000c0a00000, 0x00000000c0a00000|100%| O|  |TAMS 0x00000000c0a00000, 0x00000000c0900000| Untracked 
|  10|0x00000000c0a00000, 0x00000000c0b00000, 0x00000000c0b00000|100%| O|  |TAMS 0x00000000c0b00000, 0x00000000c0a00000| Untracked 
|  11|0x00000000c0b00000, 0x00000000c0bffff8, 0x00000000c0c00000| 99%| O|  |TAMS 0x00000000c0bffff8, 0x00000000c0b00000| Untracked 
|  12|0x00000000c0c00000, 0x00000000c0cfffc0, 0x00000000c0d00000| 99%| O|  |TAMS 0x00000000c0cfffc0, 0x00000000c0c00000| Untracked 
|  13|0x00000000c0d00000, 0x00000000c0dfffd0, 0x00000000c0e00000| 99%| O|  |TAMS 0x00000000c0dfffd0, 0x00000000c0d00000| Untracked 
|  14|0x00000000c0e00000, 0x00000000c0efffd0, 0x00000000c0f00000| 99%| O|  |TAMS 0x00000000c0efffd0, 0x00000000c0e00000| Untracked 
|  15|0x00000000c0f00000, 0x00000000c0fffff8, 0x00000000c1000000| 99%| O|  |TAMS 0x00000000c0fffff8, 0x00000000c0f00000| Untracked 
|  16|0x00000000c1000000, 0x00000000c10ffff0, 0x00000000c1100000| 99%| O|  |TAMS 0x00000000c10ffff0, 0x00000000c1000000| Untracked 
|  17|0x00000000c1100000, 0x00000000c1200000, 0x00000000c1200000|100%| O|  |TAMS 0x00000000c1200000, 0x00000000c1100000| Untracked 
|  18|0x00000000c1200000, 0x00000000c1300000, 0x00000000c1300000|100%| O|  |TAMS 0x00000000c1300000, 0x00000000c1200000| Untracked 
|  19|0x00000000c1300000, 0x00000000c13ffff8, 0x00000000c1400000| 99%| O|  |TAMS 0x00000000c13ffff8, 0x00000000c1300000| Untracked 
|  20|0x00000000c1400000, 0x00000000c14ffff8, 0x00000000c1500000| 99%| O|  |TAMS 0x00000000c14ffff8, 0x00000000c1400000| Untracked 
|  21|0x00000000c1500000, 0x00000000c15ffcc0, 0x00000000c1600000| 99%| O|  |TAMS 0x00000000c15ffcc0, 0x00000000c1500000| Untracked 
|  22|0x00000000c1600000, 0x00000000c16fffe8, 0x00000000c1700000| 99%| O|  |TAMS 0x00000000c16fffe8, 0x00000000c1600000| Untracked 
|  23|0x00000000c1700000, 0x00000000c17ffff8, 0x00000000c1800000| 99%| O|  |TAMS 0x00000000c17ffff8, 0x00000000c1700000| Untracked 
|  24|0x00000000c1800000, 0x00000000c18ffff8, 0x00000000c1900000| 99%| O|  |TAMS 0x00000000c18ffff8, 0x00000000c1800000| Untracked 
|  25|0x00000000c1900000, 0x00000000c1a00000, 0x00000000c1a00000|100%| O|  |TAMS 0x00000000c1a00000, 0x00000000c1900000| Untracked 
|  26|0x00000000c1a00000, 0x00000000c1affff8, 0x00000000c1b00000| 99%| O|  |TAMS 0x00000000c1affff8, 0x00000000c1a00000| Untracked 
|  27|0x00000000c1b00000, 0x00000000c1bf82c8, 0x00000000c1c00000| 96%| O|  |TAMS 0x00000000c1bf82c8, 0x00000000c1b00000| Untracked 
|  28|0x00000000c1c00000, 0x00000000c1d00000, 0x00000000c1d00000|100%|HS|  |TAMS 0x00000000c1d00000, 0x00000000c1c00000| Untracked 
|  29|0x00000000c1d00000, 0x00000000c1dfffc8, 0x00000000c1e00000| 99%| O|  |TAMS 0x00000000c1dfffc8, 0x00000000c1d00000| Untracked 
|  30|0x00000000c1e00000, 0x00000000c1efffd0, 0x00000000c1f00000| 99%| O|  |TAMS 0x00000000c1efffd0, 0x00000000c1e00000| Untracked 
|  31|0x00000000c1f00000, 0x00000000c1f240a0, 0x00000000c2000000| 14%| O|  |TAMS 0x00000000c1f00000, 0x00000000c1f00000| Untracked 
|  32|0x00000000c2000000, 0x00000000c2030820, 0x00000000c2100000| 18%| O|  |TAMS 0x00000000c2000000, 0x00000000c2000000| Untracked 
|  33|0x00000000c2100000, 0x00000000c2100000, 0x00000000c2200000|  0%| F|  |TAMS 0x00000000c2100000, 0x00000000c2100000| Untracked 
|  34|0x00000000c2200000, 0x00000000c2200000, 0x00000000c2300000|  0%| F|  |TAMS 0x00000000c2200000, 0x00000000c2200000| Untracked 
|  35|0x00000000c2300000, 0x00000000c2300000, 0x00000000c2400000|  0%| F|  |TAMS 0x00000000c2300000, 0x00000000c2300000| Untracked 
|  36|0x00000000c2400000, 0x00000000c2400000, 0x00000000c2500000|  0%| F|  |TAMS 0x00000000c2400000, 0x00000000c2400000| Untracked 
|  37|0x00000000c2500000, 0x00000000c2500000, 0x00000000c2600000|  0%| F|  |TAMS 0x00000000c2500000, 0x00000000c2500000| Untracked 
|  38|0x00000000c2600000, 0x00000000c2600000, 0x00000000c2700000|  0%| F|  |TAMS 0x00000000c2600000, 0x00000000c2600000| Untracked 
|  39|0x00000000c2700000, 0x00000000c2700000, 0x00000000c2800000|  0%| F|  |TAMS 0x00000000c2700000, 0x00000000c2700000| Untracked 
|  40|0x00000000c2800000, 0x00000000c2800000, 0x00000000c2900000|  0%| F|  |TAMS 0x00000000c2800000, 0x00000000c2800000| Untracked 
|  41|0x00000000c2900000, 0x00000000c2900000, 0x00000000c2a00000|  0%| F|  |TAMS 0x00000000c2900000, 0x00000000c2900000| Untracked 
|  42|0x00000000c2a00000, 0x00000000c2a00000, 0x00000000c2b00000|  0%| F|  |TAMS 0x00000000c2a00000, 0x00000000c2a00000| Untracked 
|  43|0x00000000c2b00000, 0x00000000c2b00000, 0x00000000c2c00000|  0%| F|  |TAMS 0x00000000c2b00000, 0x00000000c2b00000| Untracked 
|  44|0x00000000c2c00000, 0x00000000c2c00000, 0x00000000c2d00000|  0%| F|  |TAMS 0x00000000c2c00000, 0x00000000c2c00000| Untracked 
|  45|0x00000000c2d00000, 0x00000000c2d00000, 0x00000000c2e00000|  0%| F|  |TAMS 0x00000000c2d00000, 0x00000000c2d00000| Untracked 
|  46|0x00000000c2e00000, 0x00000000c2e00000, 0x00000000c2f00000|  0%| F|  |TAMS 0x00000000c2e00000, 0x00000000c2e00000| Untracked 
|  47|0x00000000c2f00000, 0x00000000c2f00000, 0x00000000c3000000|  0%| F|  |TAMS 0x00000000c2f00000, 0x00000000c2f00000| Untracked 
|  48|0x00000000c3000000, 0x00000000c3000000, 0x00000000c3100000|  0%| F|  |TAMS 0x00000000c3000000, 0x00000000c3000000| Untracked 
|  49|0x00000000c3100000, 0x00000000c3100000, 0x00000000c3200000|  0%| F|  |TAMS 0x00000000c3100000, 0x00000000c3100000| Untracked 
|  50|0x00000000c3200000, 0x00000000c3200000, 0x00000000c3300000|  0%| F|  |TAMS 0x00000000c3200000, 0x00000000c3200000| Untracked 
|  51|0x00000000c3300000, 0x00000000c3300000, 0x00000000c3400000|  0%| F|  |TAMS 0x00000000c3300000, 0x00000000c3300000| Untracked 
|  52|0x00000000c3400000, 0x00000000c3400000, 0x00000000c3500000|  0%| F|  |TAMS 0x00000000c3400000, 0x00000000c3400000| Untracked 
|  53|0x00000000c3500000, 0x00000000c3500000, 0x00000000c3600000|  0%| F|  |TAMS 0x00000000c3500000, 0x00000000c3500000| Untracked 
|  54|0x00000000c3600000, 0x00000000c3600000, 0x00000000c3700000|  0%| F|  |TAMS 0x00000000c3600000, 0x00000000c3600000| Untracked 
|  55|0x00000000c3700000, 0x00000000c3700000, 0x00000000c3800000|  0%| F|  |TAMS 0x00000000c3700000, 0x00000000c3700000| Untracked 
|  56|0x00000000c3800000, 0x00000000c3800000, 0x00000000c3900000|  0%| F|  |TAMS 0x00000000c3800000, 0x00000000c3800000| Untracked 
|  57|0x00000000c3900000, 0x00000000c3900000, 0x00000000c3a00000|  0%| F|  |TAMS 0x00000000c3900000, 0x00000000c3900000| Untracked 
|  58|0x00000000c3a00000, 0x00000000c3a00000, 0x00000000c3b00000|  0%| F|  |TAMS 0x00000000c3a00000, 0x00000000c3a00000| Untracked 
|  59|0x00000000c3b00000, 0x00000000c3b00000, 0x00000000c3c00000|  0%| F|  |TAMS 0x00000000c3b00000, 0x00000000c3b00000| Untracked 
|  60|0x00000000c3c00000, 0x00000000c3c00000, 0x00000000c3d00000|  0%| F|  |TAMS 0x00000000c3c00000, 0x00000000c3c00000| Untracked 
|  61|0x00000000c3d00000, 0x00000000c3d00000, 0x00000000c3e00000|  0%| F|  |TAMS 0x00000000c3d00000, 0x00000000c3d00000| Untracked 
|  62|0x00000000c3e00000, 0x00000000c3e00000, 0x00000000c3f00000|  0%| F|  |TAMS 0x00000000c3e00000, 0x00000000c3e00000| Untracked 
|  63|0x00000000c3f00000, 0x00000000c3f00000, 0x00000000c4000000|  0%| F|  |TAMS 0x00000000c3f00000, 0x00000000c3f00000| Untracked 
|  64|0x00000000c4000000, 0x00000000c4000000, 0x00000000c4100000|  0%| F|  |TAMS 0x00000000c4000000, 0x00000000c4000000| Untracked 
|  65|0x00000000c4100000, 0x00000000c4100000, 0x00000000c4200000|  0%| F|  |TAMS 0x00000000c4100000, 0x00000000c4100000| Untracked 
|  66|0x00000000c4200000, 0x00000000c4200000, 0x00000000c4300000|  0%| F|  |TAMS 0x00000000c4200000, 0x00000000c4200000| Untracked 
|  67|0x00000000c4300000, 0x00000000c4300000, 0x00000000c4400000|  0%| F|  |TAMS 0x00000000c4300000, 0x00000000c4300000| Untracked 
|  68|0x00000000c4400000, 0x00000000c4400000, 0x00000000c4500000|  0%| F|  |TAMS 0x00000000c4400000, 0x00000000c4400000| Untracked 
|  69|0x00000000c4500000, 0x00000000c4500000, 0x00000000c4600000|  0%| F|  |TAMS 0x00000000c4500000, 0x00000000c4500000| Untracked 
|  70|0x00000000c4600000, 0x00000000c4600000, 0x00000000c4700000|  0%| F|  |TAMS 0x00000000c4600000, 0x00000000c4600000| Untracked 
|  71|0x00000000c4700000, 0x00000000c4700000, 0x00000000c4800000|  0%| F|  |TAMS 0x00000000c4700000, 0x00000000c4700000| Untracked 
|  72|0x00000000c4800000, 0x00000000c4800000, 0x00000000c4900000|  0%| F|  |TAMS 0x00000000c4800000, 0x00000000c4800000| Untracked 
|  73|0x00000000c4900000, 0x00000000c4900000, 0x00000000c4a00000|  0%| F|  |TAMS 0x00000000c4900000, 0x00000000c4900000| Untracked 
|  74|0x00000000c4a00000, 0x00000000c4a00000, 0x00000000c4b00000|  0%| F|  |TAMS 0x00000000c4a00000, 0x00000000c4a00000| Untracked 
|  75|0x00000000c4b00000, 0x00000000c4b00000, 0x00000000c4c00000|  0%| F|  |TAMS 0x00000000c4b00000, 0x00000000c4b00000| Untracked 
|  76|0x00000000c4c00000, 0x00000000c4c00000, 0x00000000c4d00000|  0%| F|  |TAMS 0x00000000c4c00000, 0x00000000c4c00000| Untracked 
|  77|0x00000000c4d00000, 0x00000000c4d00000, 0x00000000c4e00000|  0%| F|  |TAMS 0x00000000c4d00000, 0x00000000c4d00000| Untracked 
|  78|0x00000000c4e00000, 0x00000000c4e00000, 0x00000000c4f00000|  0%| F|  |TAMS 0x00000000c4e00000, 0x00000000c4e00000| Untracked 
|  79|0x00000000c4f00000, 0x00000000c4f00000, 0x00000000c5000000|  0%| F|  |TAMS 0x00000000c4f00000, 0x00000000c4f00000| Untracked 
|  80|0x00000000c5000000, 0x00000000c5000000, 0x00000000c5100000|  0%| F|  |TAMS 0x00000000c5000000, 0x00000000c5000000| Untracked 
|  81|0x00000000c5100000, 0x00000000c5100000, 0x00000000c5200000|  0%| F|  |TAMS 0x00000000c5100000, 0x00000000c5100000| Untracked 
|  82|0x00000000c5200000, 0x00000000c5200000, 0x00000000c5300000|  0%| F|  |TAMS 0x00000000c5200000, 0x00000000c5200000| Untracked 
|  83|0x00000000c5300000, 0x00000000c5300000, 0x00000000c5400000|  0%| F|  |TAMS 0x00000000c5300000, 0x00000000c5300000| Untracked 
|  84|0x00000000c5400000, 0x00000000c5400000, 0x00000000c5500000|  0%| F|  |TAMS 0x00000000c5400000, 0x00000000c5400000| Untracked 
|  85|0x00000000c5500000, 0x00000000c5500000, 0x00000000c5600000|  0%| F|  |TAMS 0x00000000c5500000, 0x00000000c5500000| Untracked 
|  86|0x00000000c5600000, 0x00000000c5600000, 0x00000000c5700000|  0%| F|  |TAMS 0x00000000c5600000, 0x00000000c5600000| Untracked 
|  87|0x00000000c5700000, 0x00000000c5700000, 0x00000000c5800000|  0%| F|  |TAMS 0x00000000c5700000, 0x00000000c5700000| Untracked 
|  88|0x00000000c5800000, 0x00000000c5800000, 0x00000000c5900000|  0%| F|  |TAMS 0x00000000c5800000, 0x00000000c5800000| Untracked 
|  89|0x00000000c5900000, 0x00000000c5900000, 0x00000000c5a00000|  0%| F|  |TAMS 0x00000000c5900000, 0x00000000c5900000| Untracked 
|  90|0x00000000c5a00000, 0x00000000c5a00000, 0x00000000c5b00000|  0%| F|  |TAMS 0x00000000c5a00000, 0x00000000c5a00000| Untracked 
|  91|0x00000000c5b00000, 0x00000000c5b00000, 0x00000000c5c00000|  0%| F|  |TAMS 0x00000000c5b00000, 0x00000000c5b00000| Untracked 
|  92|0x00000000c5c00000, 0x00000000c5c00000, 0x00000000c5d00000|  0%| F|  |TAMS 0x00000000c5c00000, 0x00000000c5c00000| Untracked 
|  93|0x00000000c5d00000, 0x00000000c5d00000, 0x00000000c5e00000|  0%| F|  |TAMS 0x00000000c5d00000, 0x00000000c5d00000| Untracked 
|  94|0x00000000c5e00000, 0x00000000c5e00000, 0x00000000c5f00000|  0%| F|  |TAMS 0x00000000c5e00000, 0x00000000c5e00000| Untracked 
|  95|0x00000000c5f00000, 0x00000000c5f00000, 0x00000000c6000000|  0%| F|  |TAMS 0x00000000c5f00000, 0x00000000c5f00000| Untracked 
|  96|0x00000000c6000000, 0x00000000c6000000, 0x00000000c6100000|  0%| F|  |TAMS 0x00000000c6000000, 0x00000000c6000000| Untracked 
|  97|0x00000000c6100000, 0x00000000c6100000, 0x00000000c6200000|  0%| F|  |TAMS 0x00000000c6100000, 0x00000000c6100000| Untracked 
|  98|0x00000000c6200000, 0x00000000c6200000, 0x00000000c6300000|  0%| F|  |TAMS 0x00000000c6200000, 0x00000000c6200000| Untracked 
|  99|0x00000000c6300000, 0x00000000c6300000, 0x00000000c6400000|  0%| F|  |TAMS 0x00000000c6300000, 0x00000000c6300000| Untracked 
| 100|0x00000000c6400000, 0x00000000c6400000, 0x00000000c6500000|  0%| F|  |TAMS 0x00000000c6400000, 0x00000000c6400000| Untracked 
| 101|0x00000000c6500000, 0x00000000c6500000, 0x00000000c6600000|  0%| F|  |TAMS 0x00000000c6500000, 0x00000000c6500000| Untracked 
| 102|0x00000000c6600000, 0x00000000c6600000, 0x00000000c6700000|  0%| F|  |TAMS 0x00000000c6600000, 0x00000000c6600000| Untracked 
| 103|0x00000000c6700000, 0x00000000c6700000, 0x00000000c6800000|  0%| F|  |TAMS 0x00000000c6700000, 0x00000000c6700000| Untracked 
| 104|0x00000000c6800000, 0x00000000c6800000, 0x00000000c6900000|  0%| F|  |TAMS 0x00000000c6800000, 0x00000000c6800000| Untracked 
| 105|0x00000000c6900000, 0x00000000c6900000, 0x00000000c6a00000|  0%| F|  |TAMS 0x00000000c6900000, 0x00000000c6900000| Untracked 
| 106|0x00000000c6a00000, 0x00000000c6a00000, 0x00000000c6b00000|  0%| F|  |TAMS 0x00000000c6a00000, 0x00000000c6a00000| Untracked 
| 107|0x00000000c6b00000, 0x00000000c6b00000, 0x00000000c6c00000|  0%| F|  |TAMS 0x00000000c6b00000, 0x00000000c6b00000| Untracked 
| 108|0x00000000c6c00000, 0x00000000c6c00000, 0x00000000c6d00000|  0%| F|  |TAMS 0x00000000c6c00000, 0x00000000c6c00000| Untracked 
| 109|0x00000000c6d00000, 0x00000000c6d00000, 0x00000000c6e00000|  0%| F|  |TAMS 0x00000000c6d00000, 0x00000000c6d00000| Untracked 
| 110|0x00000000c6e00000, 0x00000000c6e00000, 0x00000000c6f00000|  0%| F|  |TAMS 0x00000000c6e00000, 0x00000000c6e00000| Untracked 
| 111|0x00000000c6f00000, 0x00000000c6f00000, 0x00000000c7000000|  0%| F|  |TAMS 0x00000000c6f00000, 0x00000000c6f00000| Untracked 
| 112|0x00000000c7000000, 0x00000000c7000000, 0x00000000c7100000|  0%| F|  |TAMS 0x00000000c7000000, 0x00000000c7000000| Untracked 
| 113|0x00000000c7100000, 0x00000000c711d8e0, 0x00000000c7200000| 11%| E|  |TAMS 0x00000000c7100000, 0x00000000c7100000| Complete 
| 212|0x00000000cd400000, 0x00000000cd500000, 0x00000000cd500000|100%| O|  |TAMS 0x00000000cd500000, 0x00000000cd400000| Untracked 
| 213|0x00000000cd500000, 0x00000000cd600000, 0x00000000cd600000|100%| O|  |TAMS 0x00000000cd600000, 0x00000000cd500000| Untracked 
| 244|0x00000000cf400000, 0x00000000cf500000, 0x00000000cf500000|100%| O|  |TAMS 0x00000000cf500000, 0x00000000cf400000| Untracked 

Card table byte_map: [0x00000215e0ca0000,0x00000215e0ea0000] _byte_map_base: 0x00000215e06a0000

Marking Bits (Prev, Next): (CMBitMap*) 0x00000215da7e14a0, (CMBitMap*) 0x00000215da7e14e0
 Prev Bits: [0x00000215e10a0000, 0x00000215e20a0000)
 Next Bits: [0x00000215e20a0000, 0x00000215e30a0000)

Polling page: 0x00000215d86e0000

Metaspace:

Usage:
  Non-class:     50.38 MB used.
      Class:      7.15 MB used.
       Both:     57.54 MB used.

Virtual space:
  Non-class space:       64.00 MB reserved,      50.62 MB ( 79%) committed,  1 nodes.
      Class space:        1.00 GB reserved,       7.38 MB ( <1%) committed,  1 nodes.
             Both:        1.06 GB reserved,      58.00 MB (  5%) committed. 

Chunk freelists:
   Non-Class:  12.97 MB
       Class:  8.61 MB
        Both:  21.58 MB

MaxMetaspaceSize: unlimited
CompressedClassSpaceSize: 1.00 GB
Initial GC threshold: 21.00 MB
Current GC threshold: 96.69 MB
CDS: off
MetaspaceReclaimPolicy: balanced
 - commit_granule_bytes: 65536.
 - commit_granule_words: 8192.
 - virtual_space_node_default_size: 8388608.
 - enlarge_chunks_in_place: 1.
 - new_chunks_are_fully_committed: 0.
 - uncommit_free_chunks: 1.
 - use_allocation_guard: 0.
 - handle_deallocations: 1.


Internal statistics:

num_allocs_failed_limit: 6.
num_arena_births: 720.
num_arena_deaths: 266.
num_vsnodes_births: 2.
num_vsnodes_deaths: 0.
num_space_committed: 928.
num_space_uncommitted: 0.
num_chunks_returned_to_freelist: 323.
num_chunks_taken_from_freelist: 2654.
num_chunk_merges: 97.
num_chunk_splits: 1774.
num_chunks_enlarged: 1366.
num_inconsistent_stats: 0.

CodeCache: size=49152Kb used=11767Kb max_used=12806Kb free=37384Kb
 bounds [0x00000215dd440000, 0x00000215de140000, 0x00000215e0440000]
 total_blobs=7178 nmethods=6512 adapters=593
 compilation: enabled
              stopped_count=0, restarted_count=0
 full_count=0

Compilation events (20 events):
Event: 3452.577 Thread 0x00000215e60cf5e0 6503       1       org.eclipse.jdt.core.dom.Name::getFullyQualifiedName (39 bytes)
Event: 3452.578 Thread 0x00000215e60cf5e0 nmethod 6503 0x00000215ddb2d390 code [0x00000215ddb2d560, 0x00000215ddb2d888]
Event: 3452.578 Thread 0x00000215e60cf5e0 6504       1       org.eclipse.jdt.core.dom.Name::isSimpleName (5 bytes)
Event: 3452.578 Thread 0x00000215e60cf5e0 nmethod 6504 0x00000215ddb2d090 code [0x00000215ddb2d220, 0x00000215ddb2d318]
Event: 3453.191 Thread 0x00000215e60cf5e0 6505       1       java.net.URI::toASCIIString (8 bytes)
Event: 3453.191 Thread 0x00000215e60cf5e0 nmethod 6505 0x00000215ddb2cd10 code [0x00000215ddb2cec0, 0x00000215ddb2cfd8]
Event: 3454.023 Thread 0x00000215e60cf5e0 6506       1       ch.qos.logback.core.pattern.SpacePadder::spacePad (53 bytes)
Event: 3454.023 Thread 0x00000215e60cf5e0 nmethod 6506 0x00000215ddb2c810 code [0x00000215ddb2c9c0, 0x00000215ddb2cb78]
Event: 3454.023 Thread 0x00000215e60cf5e0 6507   !   1       org.springframework.ide.vscode.boot.java.annotations.AnnotationHierarchies::getDirectSuperAnnotations (126 bytes)
Event: 3454.024 Thread 0x00000215e60cf5e0 nmethod 6507 0x00000215ddb2b490 code [0x00000215ddb2b700, 0x00000215ddb2bf28]
Event: 3454.024 Thread 0x00000215e60cf5e0 6509       1       org.eclipse.jdt.core.dom.StringLiteral::accept0 (12 bytes)
Event: 3454.025 Thread 0x00000215e60cf5e0 nmethod 6509 0x00000215ddb2b110 code [0x00000215ddb2b2a0, 0x00000215ddb2b3a8]
Event: 3454.025 Thread 0x00000215e60cf5e0 6510       1       org.eclipse.jdt.core.dom.ASTVisitor::endVisit (1 bytes)
Event: 3454.025 Thread 0x00000215e60cf5e0 nmethod 6510 0x00000215ddb2ae10 code [0x00000215ddb2afa0, 0x00000215ddb2b058]
Event: 3454.025 Thread 0x00000215e60cf5e0 6508       1       org.eclipse.jdt.core.dom.QualifiedName::appendName (24 bytes)
Event: 3454.025 Thread 0x00000215e60cf5e0 nmethod 6508 0x00000215ddb2a690 code [0x00000215ddb2a860, 0x00000215ddb2abe8]
Event: 3484.178 Thread 0x00000215e60cf5e0 6511       1       java.net.URI::equal (19 bytes)
Event: 3484.178 Thread 0x00000215e60cf5e0 nmethod 6511 0x00000215ddb2a390 code [0x00000215ddb2a520, 0x00000215ddb2a608]
Event: 3484.178 Thread 0x00000215e60cf5e0 6512       1       java.net.URI::percentNormalizedComparison (221 bytes)
Event: 3484.179 Thread 0x00000215e60cf5e0 nmethod 6512 0x00000215ddb28990 code [0x00000215ddb28c60, 0x00000215ddb29908]

GC Heap History (20 events):
Event: 4082.785 GC heap before
{Heap before GC invocations=335 (full 318):
 garbage-first heap   total 119808K, used 35090K [0x00000000c0000000, 0x0000000100000000)
  region size 1024K, 1 young (1024K), 0 survivors (0K)
 Metaspace       used 58920K, committed 59392K, reserved 1114112K
  class space    used 7326K, committed 7552K, reserved 1048576K
}
Event: 4082.813 GC heap after
{Heap after GC invocations=336 (full 319):
 garbage-first heap   total 119808K, used 35090K [0x00000000c0000000, 0x0000000100000000)
  region size 1024K, 0 young (0K), 0 survivors (0K)
 Metaspace       used 58920K, committed 59392K, reserved 1114112K
  class space    used 7326K, committed 7552K, reserved 1048576K
}
Event: 4092.918 GC heap before
{Heap before GC invocations=336 (full 319):
 garbage-first heap   total 119808K, used 35090K [0x00000000c0000000, 0x0000000100000000)
  region size 1024K, 1 young (1024K), 0 survivors (0K)
 Metaspace       used 58920K, committed 59392K, reserved 1114112K
  class space    used 7326K, committed 7552K, reserved 1048576K
}
Event: 4092.944 GC heap after
{Heap after GC invocations=337 (full 320):
 garbage-first heap   total 119808K, used 35090K [0x00000000c0000000, 0x0000000100000000)
  region size 1024K, 0 young (0K), 0 survivors (0K)
 Metaspace       used 58920K, committed 59392K, reserved 1114112K
  class space    used 7326K, committed 7552K, reserved 1048576K
}
Event: 4103.048 GC heap before
{Heap before GC invocations=337 (full 320):
 garbage-first heap   total 119808K, used 35090K [0x00000000c0000000, 0x0000000100000000)
  region size 1024K, 1 young (1024K), 0 survivors (0K)
 Metaspace       used 58920K, committed 59392K, reserved 1114112K
  class space    used 7326K, committed 7552K, reserved 1048576K
}
Event: 4103.073 GC heap after
{Heap after GC invocations=338 (full 321):
 garbage-first heap   total 119808K, used 35090K [0x00000000c0000000, 0x0000000100000000)
  region size 1024K, 0 young (0K), 0 survivors (0K)
 Metaspace       used 58920K, committed 59392K, reserved 1114112K
  class space    used 7326K, committed 7552K, reserved 1048576K
}
Event: 4113.185 GC heap before
{Heap before GC invocations=338 (full 321):
 garbage-first heap   total 119808K, used 35090K [0x00000000c0000000, 0x0000000100000000)
  region size 1024K, 1 young (1024K), 0 survivors (0K)
 Metaspace       used 58920K, committed 59392K, reserved 1114112K
  class space    used 7326K, committed 7552K, reserved 1048576K
}
Event: 4113.212 GC heap after
{Heap after GC invocations=339 (full 322):
 garbage-first heap   total 119808K, used 35090K [0x00000000c0000000, 0x0000000100000000)
  region size 1024K, 0 young (0K), 0 survivors (0K)
 Metaspace       used 58920K, committed 59392K, reserved 1114112K
  class space    used 7326K, committed 7552K, reserved 1048576K
}
Event: 4123.301 GC heap before
{Heap before GC invocations=339 (full 322):
 garbage-first heap   total 119808K, used 35090K [0x00000000c0000000, 0x0000000100000000)
  region size 1024K, 1 young (1024K), 0 survivors (0K)
 Metaspace       used 58920K, committed 59392K, reserved 1114112K
  class space    used 7326K, committed 7552K, reserved 1048576K
}
Event: 4123.327 GC heap after
{Heap after GC invocations=340 (full 323):
 garbage-first heap   total 119808K, used 35090K [0x00000000c0000000, 0x0000000100000000)
  region size 1024K, 0 young (0K), 0 survivors (0K)
 Metaspace       used 58920K, committed 59392K, reserved 1114112K
  class space    used 7326K, committed 7552K, reserved 1048576K
}
Event: 4133.438 GC heap before
{Heap before GC invocations=340 (full 323):
 garbage-first heap   total 119808K, used 35090K [0x00000000c0000000, 0x0000000100000000)
  region size 1024K, 1 young (1024K), 0 survivors (0K)
 Metaspace       used 58920K, committed 59392K, reserved 1114112K
  class space    used 7326K, committed 7552K, reserved 1048576K
}
Event: 4133.466 GC heap after
{Heap after GC invocations=341 (full 324):
 garbage-first heap   total 119808K, used 35090K [0x00000000c0000000, 0x0000000100000000)
  region size 1024K, 0 young (0K), 0 survivors (0K)
 Metaspace       used 58920K, committed 59392K, reserved 1114112K
  class space    used 7326K, committed 7552K, reserved 1048576K
}
Event: 4143.574 GC heap before
{Heap before GC invocations=341 (full 324):
 garbage-first heap   total 119808K, used 35090K [0x00000000c0000000, 0x0000000100000000)
  region size 1024K, 1 young (1024K), 0 survivors (0K)
 Metaspace       used 58920K, committed 59392K, reserved 1114112K
  class space    used 7326K, committed 7552K, reserved 1048576K
}
Event: 4143.601 GC heap after
{Heap after GC invocations=342 (full 325):
 garbage-first heap   total 119808K, used 35090K [0x00000000c0000000, 0x0000000100000000)
  region size 1024K, 0 young (0K), 0 survivors (0K)
 Metaspace       used 58920K, committed 59392K, reserved 1114112K
  class space    used 7326K, committed 7552K, reserved 1048576K
}
Event: 4153.693 GC heap before
{Heap before GC invocations=342 (full 325):
 garbage-first heap   total 119808K, used 35090K [0x00000000c0000000, 0x0000000100000000)
  region size 1024K, 1 young (1024K), 0 survivors (0K)
 Metaspace       used 58920K, committed 59392K, reserved 1114112K
  class space    used 7326K, committed 7552K, reserved 1048576K
}
Event: 4153.718 GC heap after
{Heap after GC invocations=343 (full 326):
 garbage-first heap   total 119808K, used 35090K [0x00000000c0000000, 0x0000000100000000)
  region size 1024K, 0 young (0K), 0 survivors (0K)
 Metaspace       used 58920K, committed 59392K, reserved 1114112K
  class space    used 7326K, committed 7552K, reserved 1048576K
}
Event: 4163.813 GC heap before
{Heap before GC invocations=343 (full 326):
 garbage-first heap   total 119808K, used 35090K [0x00000000c0000000, 0x0000000100000000)
  region size 1024K, 1 young (1024K), 0 survivors (0K)
 Metaspace       used 58920K, committed 59392K, reserved 1114112K
  class space    used 7326K, committed 7552K, reserved 1048576K
}
Event: 4163.841 GC heap after
{Heap after GC invocations=344 (full 327):
 garbage-first heap   total 119808K, used 35090K [0x00000000c0000000, 0x0000000100000000)
  region size 1024K, 0 young (0K), 0 survivors (0K)
 Metaspace       used 58920K, committed 59392K, reserved 1114112K
  class space    used 7326K, committed 7552K, reserved 1048576K
}
Event: 4174.001 GC heap before
{Heap before GC invocations=344 (full 327):
 garbage-first heap   total 119808K, used 35090K [0x00000000c0000000, 0x0000000100000000)
  region size 1024K, 1 young (1024K), 0 survivors (0K)
 Metaspace       used 58920K, committed 59392K, reserved 1114112K
  class space    used 7326K, committed 7552K, reserved 1048576K
}
Event: 4174.034 GC heap after
{Heap after GC invocations=345 (full 328):
 garbage-first heap   total 119808K, used 35090K [0x00000000c0000000, 0x0000000100000000)
  region size 1024K, 0 young (0K), 0 survivors (0K)
 Metaspace       used 58920K, committed 59392K, reserved 1114112K
  class space    used 7326K, committed 7552K, reserved 1048576K
}

Dll operation events (9 events):
Event: 0.009 Loaded shared library c:\Users\Joe\.vscode\extensions\redhat.java-1.25.1-win32-x64\jre\17.0.9-win32-x86_64\bin\java.dll
Event: 0.223 Loaded shared library C:\Users\Joe\.vscode\extensions\redhat.java-1.25.1-win32-x64\jre\17.0.9-win32-x86_64\bin\net.dll
Event: 0.225 Loaded shared library C:\Users\Joe\.vscode\extensions\redhat.java-1.25.1-win32-x64\jre\17.0.9-win32-x86_64\bin\nio.dll
Event: 0.234 Loaded shared library C:\Users\Joe\.vscode\extensions\redhat.java-1.25.1-win32-x64\jre\17.0.9-win32-x86_64\bin\zip.dll
Event: 0.438 Loaded shared library C:\Users\Joe\.vscode\extensions\redhat.java-1.25.1-win32-x64\jre\17.0.9-win32-x86_64\bin\jimage.dll
Event: 2.642 Loaded shared library c:\Users\Joe\.vscode\extensions\redhat.java-1.25.1-win32-x64\jre\17.0.9-win32-x86_64\bin\verify.dll
Event: 3.033 Loaded shared library C:\Users\Joe\.vscode\extensions\redhat.java-1.25.1-win32-x64\jre\17.0.9-win32-x86_64\bin\management.dll
Event: 3.035 Loaded shared library C:\Users\Joe\.vscode\extensions\redhat.java-1.25.1-win32-x64\jre\17.0.9-win32-x86_64\bin\management_ext.dll
Event: 3.961 Loaded shared library C:\Users\Joe\.vscode\extensions\redhat.java-1.25.1-win32-x64\jre\17.0.9-win32-x86_64\bin\sunmscapi.dll

Deoptimization events (20 events):
Event: 3.192 Thread 0x00000215ebe119f0 DEOPT PACKING pc=0x00000215dde03db5 sp=0x000000656ecfe930
Event: 3.192 Thread 0x00000215ebe11ed0 DEOPT UNPACKING pc=0x00000215dd497143 sp=0x000000656edfdbb8 mode 3
Event: 3.192 Thread 0x00000215ebdb26d0 DEOPT UNPACKING pc=0x00000215dd497143 sp=0x000000656ebfe0a8 mode 3
Event: 3.193 Thread 0x00000215ebe119f0 DEOPT UNPACKING pc=0x00000215dd497143 sp=0x000000656ecfde48 mode 3
Event: 3.218 Thread 0x00000215ebdaef40 DEOPT PACKING pc=0x00000215ddbabe81 sp=0x000000656e9fde40
Event: 3.218 Thread 0x00000215ebdaef40 DEOPT UNPACKING pc=0x00000215dd497143 sp=0x000000656e9fd2d0 mode 3
Event: 3.225 Thread 0x00000215ebdb21f0 DEOPT PACKING pc=0x00000215ddb8db17 sp=0x000000656eaff3d0
Event: 3.225 Thread 0x00000215ebdb21f0 DEOPT UNPACKING pc=0x00000215dd497143 sp=0x000000656eafe828 mode 3
Event: 3.925 Thread 0x00000215ebe5ccd0 DEOPT PACKING pc=0x00000215ddf3a1ee sp=0x000000656f3fd4e0
Event: 3.925 Thread 0x00000215ebe5ccd0 DEOPT UNPACKING pc=0x00000215dd497143 sp=0x000000656f3fc9d8 mode 3
Event: 3.998 Thread 0x00000215ebe5b380 DEOPT PACKING pc=0x00000215dd62e18c sp=0x000000656f9fade0
Event: 3.998 Thread 0x00000215ebe5b380 DEOPT UNPACKING pc=0x00000215dd497143 sp=0x000000656f9fa2a8 mode 0
Event: 1131.350 Thread 0x00000215ebdaef40 DEOPT PACKING pc=0x00000215ddc7b3d4 sp=0x000000656e9ff140
Event: 1131.350 Thread 0x00000215ebdaef40 DEOPT UNPACKING pc=0x00000215dd497143 sp=0x000000656e9fe5e8 mode 0
Event: 2686.123 Thread 0x00000215ebe5c7c0 DEOPT PACKING pc=0x00000215dd71697d sp=0x000000656f8fd690
Event: 2686.123 Thread 0x00000215ebe5c7c0 DEOPT UNPACKING pc=0x00000215dd497143 sp=0x000000656f8fcc10 mode 3
Event: 3180.105 Thread 0x00000215e61fc450 DEOPT PACKING pc=0x00000215dd5599cf sp=0x000000656befdb00
Event: 3180.105 Thread 0x00000215e61fc450 DEOPT UNPACKING pc=0x00000215dd497143 sp=0x000000656befcfc0 mode 3
Event: 3182.085 Thread 0x00000215e61fb010 DEOPT PACKING pc=0x00000215dd7d9620 sp=0x000000656ebfd020
Event: 3182.085 Thread 0x00000215e61fb010 DEOPT UNPACKING pc=0x00000215dd497143 sp=0x000000656ebfc4a0 mode 3

Classes unloaded (20 events):
Event: 2777.652 Thread 0x00000215e607e400 Unloading class 0x00000001003b0c00 'java/lang/invoke/LambdaForm$MH+0x00000001003b0c00'
Event: 2777.652 Thread 0x00000215e607e400 Unloading class 0x0000000100404000 'java/lang/invoke/LambdaForm$MH+0x0000000100404000'
Event: 2777.652 Thread 0x00000215e607e400 Unloading class 0x0000000100404800 'java/lang/invoke/LambdaForm$MH+0x0000000100404800'
Event: 2777.652 Thread 0x00000215e607e400 Unloading class 0x000000010042a000 'java/lang/invoke/LambdaForm$MH+0x000000010042a000'
Event: 2777.652 Thread 0x00000215e607e400 Unloading class 0x000000010047c400 'java/lang/invoke/LambdaForm$MH+0x000000010047c400'
Event: 2777.652 Thread 0x00000215e607e400 Unloading class 0x0000000100509800 'java/lang/invoke/LambdaForm$MH+0x0000000100509800'
Event: 2777.652 Thread 0x00000215e607e400 Unloading class 0x0000000100658800 'java/lang/invoke/LambdaForm$MH+0x0000000100658800'
Event: 2777.652 Thread 0x00000215e607e400 Unloading class 0x000000010054d800 'java/lang/invoke/LambdaForm$MH+0x000000010054d800'
Event: 2777.652 Thread 0x00000215e607e400 Unloading class 0x000000010054d000 'java/lang/invoke/LambdaForm$MH+0x000000010054d000'
Event: 2787.806 Thread 0x00000215e607e400 Unloading class 0x0000000100750400 'java/lang/invoke/LambdaForm$MH+0x0000000100750400'
Event: 2787.806 Thread 0x00000215e607e400 Unloading class 0x0000000100750000 'java/lang/invoke/LambdaForm$MH+0x0000000100750000'
Event: 2787.806 Thread 0x00000215e607e400 Unloading class 0x000000010074d400 'java/lang/invoke/LambdaForm$MH+0x000000010074d400'
Event: 2787.806 Thread 0x00000215e607e400 Unloading class 0x000000010039e000 'java/lang/invoke/LambdaForm$MH+0x000000010039e000'
Event: 2787.806 Thread 0x00000215e607e400 Unloading class 0x000000010039f400 'java/lang/invoke/LambdaForm$MH+0x000000010039f400'
Event: 2787.806 Thread 0x00000215e607e400 Unloading class 0x00000001003a0400 'java/lang/invoke/LambdaForm$MH+0x00000001003a0400'
Event: 2787.806 Thread 0x00000215e607e400 Unloading class 0x00000001003a0c00 'java/lang/invoke/LambdaForm$MH+0x00000001003a0c00'
Event: 3242.568 Thread 0x00000215e607e400 Unloading class 0x0000000100764c00 'java/lang/invoke/LambdaForm$MH+0x0000000100764c00'
Event: 3242.568 Thread 0x00000215e607e400 Unloading class 0x0000000100764800 'java/lang/invoke/LambdaForm$MH+0x0000000100764800'
Event: 3242.568 Thread 0x00000215e607e400 Unloading class 0x0000000100764400 'java/lang/invoke/LambdaForm$MH+0x0000000100764400'
Event: 3242.568 Thread 0x00000215e607e400 Unloading class 0x0000000100764000 'java/lang/invoke/LambdaForm$MH+0x0000000100764000'

Classes redefined (0 events):
No events

Internal exceptions (20 events):
Event: 2690.097 Thread 0x00000215ebe5c7c0 Exception <a 'sun/nio/fs/WindowsException'{0x00000000ca499c38}> (0x00000000ca499c38) 
thrown [s\src\hotspot\share\prims\jni.cpp, line 516]
Event: 2690.097 Thread 0x00000215ebe5c7c0 Exception <a 'sun/nio/fs/WindowsException'{0x00000000ca49ab88}> (0x00000000ca49ab88) 
thrown [s\src\hotspot\share\prims\jni.cpp, line 516]
Event: 2690.097 Thread 0x00000215ebe5c7c0 Exception <a 'sun/nio/fs/WindowsException'{0x00000000ca49af68}> (0x00000000ca49af68) 
thrown [s\src\hotspot\share\prims\jni.cpp, line 516]
Event: 2690.097 Thread 0x00000215ebe5c7c0 Exception <a 'sun/nio/fs/WindowsException'{0x00000000ca49bcb0}> (0x00000000ca49bcb0) 
thrown [s\src\hotspot\share\prims\jni.cpp, line 516]
Event: 2690.097 Thread 0x00000215ebe5c7c0 Exception <a 'sun/nio/fs/WindowsException'{0x00000000ca49c3c8}> (0x00000000ca49c3c8) 
thrown [s\src\hotspot\share\prims\jni.cpp, line 516]
Event: 2690.097 Thread 0x00000215ebe5c7c0 Exception <a 'sun/nio/fs/WindowsException'{0x00000000ca49c758}> (0x00000000ca49c758) 
thrown [s\src\hotspot\share\prims\jni.cpp, line 516]
Event: 2690.098 Thread 0x00000215ebe5c7c0 Exception <a 'sun/nio/fs/WindowsException'{0x00000000ca49d6a8}> (0x00000000ca49d6a8) 
thrown [s\src\hotspot\share\prims\jni.cpp, line 516]
Event: 2690.098 Thread 0x00000215ebe5c7c0 Exception <a 'sun/nio/fs/WindowsException'{0x00000000ca49da88}> (0x00000000ca49da88) 
thrown [s\src\hotspot\share\prims\jni.cpp, line 516]
Event: 2690.142 Thread 0x00000215ebe5c7c0 Exception <a 'sun/nio/fs/WindowsException'{0x00000000c9808438}> (0x00000000c9808438) 
thrown [s\src\hotspot\share\prims\jni.cpp, line 516]
Event: 2690.142 Thread 0x00000215ebe5c7c0 Exception <a 'sun/nio/fs/WindowsException'{0x00000000c9808b18}> (0x00000000c9808b18) 
thrown [s\src\hotspot\share\prims\jni.cpp, line 516]
Event: 2690.142 Thread 0x00000215ebe5c7c0 Exception <a 'sun/nio/fs/WindowsException'{0x00000000c9808e98}> (0x00000000c9808e98) 
thrown [s\src\hotspot\share\prims\jni.cpp, line 516]
Event: 2690.142 Thread 0x00000215ebe5c7c0 Exception <a 'sun/nio/fs/WindowsException'{0x00000000c9809dc0}> (0x00000000c9809dc0) 
thrown [s\src\hotspot\share\prims\jni.cpp, line 516]
Event: 2690.142 Thread 0x00000215ebe5c7c0 Exception <a 'sun/nio/fs/WindowsException'{0x00000000c980a180}> (0x00000000c980a180) 
thrown [s\src\hotspot\share\prims\jni.cpp, line 516]
Event: 2690.142 Thread 0x00000215ebe5c7c0 Exception <a 'sun/nio/fs/WindowsException'{0x00000000c980aec8}> (0x00000000c980aec8) 
thrown [s\src\hotspot\share\prims\jni.cpp, line 516]
Event: 2690.142 Thread 0x00000215ebe5c7c0 Exception <a 'sun/nio/fs/WindowsException'{0x00000000c980b5e0}> (0x00000000c980b5e0) 
thrown [s\src\hotspot\share\prims\jni.cpp, line 516]
Event: 2690.142 Thread 0x00000215ebe5c7c0 Exception <a 'sun/nio/fs/WindowsException'{0x00000000c980b970}> (0x00000000c980b970) 
thrown [s\src\hotspot\share\prims\jni.cpp, line 516]
Event: 2690.142 Thread 0x00000215ebe5c7c0 Exception <a 'sun/nio/fs/WindowsException'{0x00000000c980c8c0}> (0x00000000c980c8c0) 
thrown [s\src\hotspot\share\prims\jni.cpp, line 516]
Event: 2690.142 Thread 0x00000215ebe5c7c0 Exception <a 'sun/nio/fs/WindowsException'{0x00000000c980cca0}> (0x00000000c980cca0) 
thrown [s\src\hotspot\share\prims\jni.cpp, line 516]
Event: 3180.105 Thread 0x00000215e61fc450 Implicit null exception at 0x00000215dd559410 to 0x00000215dd5599ca
Event: 3182.085 Thread 0x00000215e61fb010 Implicit null exception at 0x00000215dd7d93da to 0x00000215dd7d961b

VM Operations (20 events):
Event: 4082.813 Executing VM operation: G1CollectFull done
Event: 4092.918 Executing VM operation: G1CollectFull
Event: 4092.944 Executing VM operation: G1CollectFull done
Event: 4103.047 Executing VM operation: G1CollectFull
Event: 4103.073 Executing VM operation: G1CollectFull done
Event: 4113.185 Executing VM operation: G1CollectFull
Event: 4113.212 Executing VM operation: G1CollectFull done
Event: 4123.301 Executing VM operation: G1CollectFull
Event: 4123.327 Executing VM operation: G1CollectFull done
Event: 4133.438 Executing VM operation: G1CollectFull
Event: 4133.466 Executing VM operation: G1CollectFull done
Event: 4143.574 Executing VM operation: G1CollectFull
Event: 4143.601 Executing VM operation: G1CollectFull done
Event: 4153.693 Executing VM operation: G1CollectFull
Event: 4153.718 Executing VM operation: G1CollectFull done
Event: 4163.813 Executing VM operation: G1CollectFull
Event: 4163.841 Executing VM operation: G1CollectFull done
Event: 4174.000 Executing VM operation: G1CollectFull
Event: 4174.034 Executing VM operation: G1CollectFull done
Event: 4184.049 Executing VM operation: G1CollectFull

Events (20 events):
Event: 3184.588 Thread 0x00000215e6c10140 Thread added: 0x00000215e6c10140
Event: 3185.989 Thread 0x00000215e61fba30 Thread added: 0x00000215e61fba30
Event: 3186.003 Thread 0x00000215e6c10140 Thread exited: 0x00000215e6c10140
Event: 3186.016 Thread 0x00000215e6c0f6a0 Thread added: 0x00000215e6c0f6a0
Event: 3193.034 Thread 0x00000215e6c0f6a0 Thread exited: 0x00000215e6c0f6a0
Event: 3246.030 Thread 0x00000215e61fc450 Thread exited: 0x00000215e61fc450
Event: 3246.030 Thread 0x00000215e6201f70 Thread exited: 0x00000215e6201f70
Event: 3248.030 Thread 0x00000215e61fecd0 Thread exited: 0x00000215e61fecd0
Event: 3248.423 Thread 0x00000215e61fb010 Thread exited: 0x00000215e61fb010
Event: 3384.280 Thread 0x00000215e6c11bd0 Thread added: 0x00000215e6c11bd0
Event: 3389.398 Thread 0x00000215e6c11bd0 Thread exited: 0x00000215e6c11bd0
Event: 3452.075 Thread 0x00000215e6201a60 Thread added: 0x00000215e6201a60
Event: 3452.089 Thread 0x00000215e61fecd0 Thread added: 0x00000215e61fecd0
Event: 3452.089 Thread 0x00000215e61fc450 Thread added: 0x00000215e61fc450
Event: 3452.089 Thread 0x00000215e6201040 Thread added: 0x00000215e6201040
Event: 3452.090 Thread 0x00000215e61fb010 Thread added: 0x00000215e61fb010
Event: 3512.106 Thread 0x00000215e61fb010 Thread exited: 0x00000215e61fb010
Event: 3512.122 Thread 0x00000215e61fc450 Thread exited: 0x00000215e61fc450
Event: 3514.026 Thread 0x00000215e61fecd0 Thread exited: 0x00000215e61fecd0
Event: 3544.180 Thread 0x00000215e6201040 Thread exited: 0x00000215e6201040


Dynamic libraries:
0x00007ff6eb960000 - 0x00007ff6eb96e000 	c:\Users\Joe\.vscode\extensions\redhat.java-1.25.1-win32-x64\jre\17.0.9-win32-x86_64\bin\java.exe
0x00007ffd59f90000 - 0x00007ffd5a188000 	C:\WINDOWS\SYSTEM32\ntdll.dll
0x00007ffd58a60000 - 0x00007ffd58b1d000 	C:\WINDOWS\System32\KERNEL32.DLL
0x00007ffd577b0000 - 0x00007ffd57aa6000 	C:\WINDOWS\System32\KERNELBASE.dll
0x00007ffd57b50000 - 0x00007ffd57c50000 	C:\WINDOWS\System32\ucrtbase.dll
0x00007ffd4a420000 - 0x00007ffd4a437000 	c:\Users\Joe\.vscode\extensions\redhat.java-1.25.1-win32-x64\jre\17.0.9-win32-x86_64\bin\jli.dll
0x00007ffd57ff0000 - 0x00007ffd5818e000 	C:\WINDOWS\System32\USER32.dll
0x00007ffd57ab0000 - 0x00007ffd57ad2000 	C:\WINDOWS\System32\win32u.dll
0x00007ffd593b0000 - 0x00007ffd593dc000 	C:\WINDOWS\System32\GDI32.dll
0x00007ffd3bc40000 - 0x00007ffd3beda000 	C:\WINDOWS\WinSxS\amd64_microsoft.windows.common-controls_6595b64144ccf1df_6.0.19041.3636_none_60b6a03d71f818d5\COMCTL32.dll
0x00007ffd3f870000 - 0x00007ffd3f88b000 	c:\Users\Joe\.vscode\extensions\redhat.java-1.25.1-win32-x64\jre\17.0.9-win32-x86_64\bin\VCRUNTIME140.dll
0x00007ffd57cf0000 - 0x00007ffd57e0a000 	C:\WINDOWS\System32\gdi32full.dll
0x00007ffd57c50000 - 0x00007ffd57ced000 	C:\WINDOWS\System32\msvcp_win.dll
0x00007ffd58250000 - 0x00007ffd582ee000 	C:\WINDOWS\System32\msvcrt.dll
0x00007ffd584e0000 - 0x00007ffd58510000 	C:\WINDOWS\System32\IMM32.DLL
0x00007ffd529e0000 - 0x00007ffd529ec000 	c:\Users\Joe\.vscode\extensions\redhat.java-1.25.1-win32-x64\jre\17.0.9-win32-x86_64\bin\vcruntime140_1.dll
0x00007ffd1a8b0000 - 0x00007ffd1a93d000 	c:\Users\Joe\.vscode\extensions\redhat.java-1.25.1-win32-x64\jre\17.0.9-win32-x86_64\bin\msvcp140.dll
0x00007ffcd74c0000 - 0x00007ffcd8121000 	c:\Users\Joe\.vscode\extensions\redhat.java-1.25.1-win32-x64\jre\17.0.9-win32-x86_64\bin\server\jvm.dll
0x00007ffd58520000 - 0x00007ffd585cf000 	C:\WINDOWS\System32\ADVAPI32.dll
0x00007ffd589b0000 - 0x00007ffd58a4c000 	C:\WINDOWS\System32\sechost.dll
0x00007ffd593e0000 - 0x00007ffd59506000 	C:\WINDOWS\System32\RPCRT4.dll
0x00007ffd56b90000 - 0x00007ffd56bdb000 	C:\WINDOWS\SYSTEM32\POWRPROF.dll
0x00007ffd4bc70000 - 0x00007ffd4bc97000 	C:\WINDOWS\SYSTEM32\WINMM.dll
0x00007ffd4e520000 - 0x00007ffd4e52a000 	C:\WINDOWS\SYSTEM32\VERSION.dll
0x00007ffd3e490000 - 0x00007ffd3e499000 	C:\WINDOWS\SYSTEM32\WSOCK32.dll
0x00007ffd59340000 - 0x00007ffd593ab000 	C:\WINDOWS\System32\WS2_32.dll
0x00007ffd56a50000 - 0x00007ffd56a62000 	C:\WINDOWS\SYSTEM32\UMPDC.dll
0x00007ffd55e80000 - 0x00007ffd55e92000 	C:\WINDOWS\SYSTEM32\kernel.appcore.dll
0x00007ffd51120000 - 0x00007ffd5112a000 	c:\Users\Joe\.vscode\extensions\redhat.java-1.25.1-win32-x64\jre\17.0.9-win32-x86_64\bin\jimage.dll
0x00007ffd554d0000 - 0x00007ffd556b4000 	C:\WINDOWS\SYSTEM32\DBGHELP.DLL
0x00007ffd33210000 - 0x00007ffd33244000 	C:\WINDOWS\SYSTEM32\dbgcore.DLL
0x00007ffd57720000 - 0x00007ffd577a2000 	C:\WINDOWS\System32\bcryptPrimitives.dll
0x00007ffd1a880000 - 0x00007ffd1a8a5000 	c:\Users\Joe\.vscode\extensions\redhat.java-1.25.1-win32-x64\jre\17.0.9-win32-x86_64\bin\java.dll
0x00007ffd3e500000 - 0x00007ffd3e518000 	c:\Users\Joe\.vscode\extensions\redhat.java-1.25.1-win32-x64\jre\17.0.9-win32-x86_64\bin\zip.dll
0x00007ffd58bf0000 - 0x00007ffd59335000 	C:\WINDOWS\System32\SHELL32.dll
0x00007ffd556d0000 - 0x00007ffd55e6b000 	C:\WINDOWS\SYSTEM32\windows.storage.dll
0x00007ffd599e0000 - 0x00007ffd59d34000 	C:\WINDOWS\System32\combase.dll
0x00007ffd57050000 - 0x00007ffd5707d000 	C:\WINDOWS\SYSTEM32\Wldp.dll
0x00007ffd586e0000 - 0x00007ffd5878d000 	C:\WINDOWS\System32\SHCORE.dll
0x00007ffd581f0000 - 0x00007ffd58245000 	C:\WINDOWS\System32\shlwapi.dll
0x00007ffd575a0000 - 0x00007ffd575c5000 	C:\WINDOWS\SYSTEM32\profapi.dll
0x00007ffd2a2b0000 - 0x00007ffd2a2c9000 	C:\Users\Joe\.vscode\extensions\redhat.java-1.25.1-win32-x64\jre\17.0.9-win32-x86_64\bin\net.dll
0x00007ffd4f360000 - 0x00007ffd4f46a000 	C:\WINDOWS\SYSTEM32\WINHTTP.dll
0x00007ffd56db0000 - 0x00007ffd56e1a000 	C:\WINDOWS\system32\mswsock.dll
0x00007ffd21a10000 - 0x00007ffd21a26000 	C:\Users\Joe\.vscode\extensions\redhat.java-1.25.1-win32-x64\jre\17.0.9-win32-x86_64\bin\nio.dll
0x00007ffd56f90000 - 0x00007ffd56fa8000 	C:\WINDOWS\SYSTEM32\CRYPTSP.dll
0x00007ffd56690000 - 0x00007ffd566c4000 	C:\WINDOWS\system32\rsaenh.dll
0x00007ffd57e60000 - 0x00007ffd57e87000 	C:\WINDOWS\System32\bcrypt.dll
0x00007ffd57520000 - 0x00007ffd5754e000 	C:\WINDOWS\SYSTEM32\USERENV.dll
0x00007ffd56f50000 - 0x00007ffd56f5c000 	C:\WINDOWS\SYSTEM32\CRYPTBASE.dll
0x00007ffd56a70000 - 0x00007ffd56aab000 	C:\WINDOWS\SYSTEM32\IPHLPAPI.DLL
0x00007ffd58a50000 - 0x00007ffd58a58000 	C:\WINDOWS\System32\NSI.dll
0x00007ffd50510000 - 0x00007ffd50527000 	C:\WINDOWS\SYSTEM32\dhcpcsvc6.DLL
0x00007ffd504f0000 - 0x00007ffd5050d000 	C:\WINDOWS\SYSTEM32\dhcpcsvc.DLL
0x00007ffd56ac0000 - 0x00007ffd56b8a000 	C:\WINDOWS\SYSTEM32\DNSAPI.dll
0x00007ffd49f00000 - 0x00007ffd49f10000 	c:\Users\Joe\.vscode\extensions\redhat.java-1.25.1-win32-x64\jre\17.0.9-win32-x86_64\bin\verify.dll
0x00007ffd48960000 - 0x00007ffd48969000 	C:\Users\Joe\.vscode\extensions\redhat.java-1.25.1-win32-x64\jre\17.0.9-win32-x86_64\bin\management.dll
0x00007ffd485a0000 - 0x00007ffd485ab000 	C:\Users\Joe\.vscode\extensions\redhat.java-1.25.1-win32-x64\jre\17.0.9-win32-x86_64\bin\management_ext.dll
0x00007ffd589a0000 - 0x00007ffd589a8000 	C:\WINDOWS\System32\PSAPI.DLL
0x00007ffd4a1c0000 - 0x00007ffd4a1ce000 	C:\Users\Joe\.vscode\extensions\redhat.java-1.25.1-win32-x64\jre\17.0.9-win32-x86_64\bin\sunmscapi.dll
0x00007ffd57e90000 - 0x00007ffd57fed000 	C:\WINDOWS\System32\CRYPT32.dll
0x00007ffd57120000 - 0x00007ffd57147000 	C:\WINDOWS\SYSTEM32\ncrypt.dll
0x00007ffd570c0000 - 0x00007ffd570fb000 	C:\WINDOWS\SYSTEM32\NTASN1.dll
0x0000000052260000 - 0x0000000052286000 	C:\Program Files\Bonjour\mdnsNSP.dll
0x00007ffd4ff40000 - 0x00007ffd4ff4a000 	C:\Windows\System32\rasadhlp.dll
0x00007ffd48020000 - 0x00007ffd480a0000 	C:\WINDOWS\System32\fwpuclnt.dll

dbghelp: loaded successfully - version: 4.0.5 - missing functions: none
symbol engine: initialized successfully - sym options: 0x614 - pdb path: .;c:\Users\Joe\.vscode\extensions\redhat.java-1.25.1-win32-x64\jre\17.0.9-win32-x86_64\bin;C:\WINDOWS\SYSTEM32;C:\WINDOWS\WinSxS\amd64_microsoft.windows.common-controls_6595b64144ccf1df_6.0.19041.3636_none_60b6a03d71f818d5;c:\Users\Joe\.vscode\extensions\redhat.java-1.25.1-win32-x64\jre\17.0.9-win32-x86_64\bin\server;C:\Program Files\Bonjour

VM Arguments:
jvm_args: -XX:+HeapDumpOnOutOfMemoryError -Xmx1024m -Dsts.lsp.client=vscode -Dsts.log.file=/dev/null -XX:TieredStopAtLevel=1 -Xlog:jni+resolve=off -Dspring.config.location=file:c:\Users\Joe\.vscode\extensions\vmware.vscode-spring-boot-1.51.0\language-server\BOOT-INF\classes\application.properties 
java_command: org.springframework.ide.vscode.boot.app.BootLanguageServerBootApp
java_class_path (initial): c:\Users\Joe\.vscode\extensions\vmware.vscode-spring-boot-1.51.0\language-server\BOOT-INF\classes;c:\Users\Joe\.vscode\extensions\vmware.vscode-spring-boot-1.51.0\language-server\BOOT-INF\lib\annotations-24.1.0.jar;c:\Users\Joe\.vscode\extensions\vmware.vscode-spring-boot-1.51.0\language-server\BOOT-INF\lib\antlr-runtime-3.5.3.jar;c:\Users\Joe\.vscode\extensions\vmware.vscode-spring-boot-1.51.0\language-server\BOOT-INF\lib\antlr4-4.11.1.jar;c:\Users\Joe\.vscode\extensions\vmware.vscode-spring-boot-1.51.0\language-server\BOOT-INF\lib\antlr4-runtime-4.11.1.jar;c:\Users\Joe\.vscode\extensions\vmware.vscode-spring-boot-1.51.0\language-server\BOOT-INF\lib\asm-9.6.jar;c:\Users\Joe\.vscode\extensions\vmware.vscode-spring-boot-1.51.0\language-server\BOOT-INF\lib\asm-analysis-9.6.jar;c:\Users\Joe\.vscode\extensions\vmware.vscode-spring-boot-1.51.0\language-server\BOOT-INF\lib\asm-tree-9.6.jar;c:\Users\Joe\.vscode\extensions\vmware.vscode-spring-boot-1.51.0\language-server\BOOT-INF\lib\asm-util-9.6.jar;c:\Users\Joe\.vscode\extensions\vmware.vscode-spring-boot-1.51.0\language-server\BOOT-INF\lib\bosh-language-server-1.51.0-SNAPSHOT.jar;c:\Users\Joe\.vscode\extensions\vmware.vscode-spring-boot-1.51.0\language-server\BOOT-INF\lib\caffeine-3.1.8.jar;c:\Users\Joe\.vscode\extensions\vmware.vscode-spring-boot-1.51.0\language-server\BOOT-INF\lib\checker-qual-3.12.0.jar;c:\Users\Joe\.vscode\extensions\vmware.vscode-spring-boot-1.51.0\language-server\BOOT-INF\lib\classgraph-4.8.149.jar;c:\Users\Joe\.vscode\extensions\vmware.vscode-spring-boot-1.51.0\language-server\BOOT-INF\lib\commons-codec-1.15.jar;c:\Users\Joe\.vscode\extensions\vmware.vscode-spring-boot-1.51.0\language-server\BOOT-INF\lib\commons-compress-1.25.0.jar;c:\Users\Joe\.vscode\extensions\vmware.vscode-spring-boot-1.51.0\language-server\BOOT-INF\lib\commons-io-2.4.jar;c:\Users\Joe\.vscode\extensions\vmware.vscode-spring-boot-1.51.0\language-server\BOOT-INF\lib\commons-java-1.51.0-SNAPSHOT.jar;c
Launcher Type: SUN_STANDARD

[Global flags]
     intx CICompilerCount                          = 12                                        {product} {ergonomic}
     uint ConcGCThreads                            = 3                                         {product} {ergonomic}
     uint G1ConcRefinementThreads                  = 13                                        {product} {ergonomic}
   size_t G1HeapRegionSize                         = 1048576                                   {product} {ergonomic}
    uintx GCDrainStackTargetSize                   = 64                                        {product} {ergonomic}
     bool HeapDumpOnOutOfMemoryError               = true                                   {manageable} {command line}
   size_t InitialHeapSize                          = 257949696                                 {product} {ergonomic}
   size_t MarkStackSize                            = 4194304                                   {product} {ergonomic}
   size_t MaxHeapSize                              = 1073741824                                {product} {command line}
   size_t MaxNewSize                               = 643825664                                 {product} {ergonomic}
   size_t MinHeapDeltaBytes                        = 1048576                                   {product} {ergonomic}
   size_t MinHeapSize                              = 8388608                                   {product} {ergonomic}
    uintx NonProfiledCodeHeapSize                  = 0                                      {pd product} {ergonomic}
     bool ProfileInterpreter                       = false                                  {pd product} {command line}
    uintx ProfiledCodeHeapSize                     = 0                                      {pd product} {ergonomic}
   size_t SoftMaxHeapSize                          = 1073741824                             {manageable} {ergonomic}
     intx TieredStopAtLevel                        = 1                                         {product} {command line}
     bool UseCompressedClassPointers               = true                           {product lp64_product} {ergonomic}
     bool UseCompressedOops                        = true                           {product lp64_product} {ergonomic}
     bool UseG1GC                                  = true                                      {product} {ergonomic}
     bool UseLargePagesIndividualAllocation        = false                                  {pd product} {ergonomic}

Logging:
Log output configuration:
 #0: stdout all=warning,jni+resolve=off uptime,level,tags
 #1: stderr all=off uptime,level,tags

Environment Variables:
PATH=C:\Program Files\Common Files\Oracle\Java\javapath;C:\oraclexe\app\oracle\product\11.2.0\server\bin;C:\Windows\system32;C:\Windows;C:\Windows\System32\Wbem;C:\Windows\System32\WindowsPowerShell\v1.0\;C:\Windows\System32\OpenSSH\;C:\Program Files (x86)\NVIDIA Corporation\PhysX\Common;C:\Program Files\NVIDIA Corporation\NVIDIA NvDLISR;C:\WINDOWS\system32;C:\WINDOWS;C:\WINDOWS\System32\Wbem;C:\WINDOWS\System32\WindowsPowerShell\v1.0\;C:\WINDOWS\System32\OpenSSH\;C:\Program Files\Microsoft SQL Server\150\Tools\Binn\;C:\Program Files\Microsoft SQL Server\Client SDK\ODBC\170\Tools\Binn\;C:\Program Files\dotnet\;C:\Program Files\nodejs\;C:\Program Files (x86)\Yarn\bin\;C:\Program Files\Git\cmd;C:\Program Files\Docker\Docker\resources\bin;C:\Users\Joe\Downloads\apache-maven-3.9.5-bin\apache-maven-3.9.5\bin;C:\Users\Joe\AppData\Local\Microsoft\WindowsApps;C:\Users\Joe\AppData\Local\Programs\Microsoft VS Code\bin;C:\Users\Joe\.dotnet\tools;C:\Users\Joe\AppData\Roaming\npm;C:\Users\Joe\AppData\Local\Yarn\bin;C:\Users\Joe\AppData\Local\Temp\MicrosoftEdgeDownloads\38dbbd7d-edd0-43a8-9d29-f4ad4df299d2\apache-maven-3.9.5-bin\apache-maven-3.9.5\bin;
USERNAME=Joe
OS=Windows_NT
PROCESSOR_IDENTIFIER=AMD64 Family 25 Model 80 Stepping 0, AuthenticAMD
TMP=C:\Users\Joe\AppData\Local\Temp
TEMP=C:\Users\Joe\AppData\Local\Temp



Periodic native trim disabled


---------------  S Y S T E M  ---------------

OS:
 Windows 10 , 64 bit Build 19041 (10.0.19041.3636)
OS uptime: 19 days 0:35 hours
Hyper-V role detected

CPU: total 16 (initial active 16) (16 cores per cpu, 2 threads per core) family 25 model 80 stepping 0 microcode 0x0, cx8, cmov, fxsr, ht, mmx, 3dnowpref, sse, sse2, sse3, ssse3, sse4a, sse4.1, sse4.2, popcnt, lzcnt, tsc, tscinvbit, avx, avx2, aes, erms, clmul, bmi1, bmi2, adx, sha, fma, vzeroupper, clflush, clflushopt, hv
Processor Information for all 16 processors :
  Max Mhz: 3201, Current Mhz: 3201, Mhz Limit: 3201

Memory: 4k page, system-wide physical 15724M (3235M free)
TotalPageFile size 19820M (AvailPageFile size 15M)
current process WorkingSet (physical memory assigned to process): 186M, peak: 212M
current process commit charge ("private bytes"): 298M, peak: 383M

vm_info: OpenJDK 64-Bit Server VM (17.0.9+9) for windows-amd64 JRE (17.0.9+9), built on Oct 26 2023 14:01:42 by "admin" with MS VC++ 16.10 / 16.11 (VS2019)

END.
