#
# There is insufficient memory for the Java Runtime Environment to continue.
# Native memory allocation (mmap) failed to map 257949696 bytes for G1 virtual space
# Possible reasons:
#   The system is out of physical RAM or swap space
#   The process is running with CompressedOops enabled, and the Java Heap may be blocking the growth of the native heap
# Possible solutions:
#   Reduce memory load on the system
#   Increase physical memory or swap space
#   Check if swap backing store is full
#   Decrease Java heap size (-Xmx/-Xms)
#   Decrease number of Java threads
#   Decrease Java thread stack sizes (-Xss)
#   Set larger code cache with -XX:ReservedCodeCacheSize=
#   JVM is running with Zero Based Compressed Oops mode in which the Java heap is
#     placed in the first 32GB address space. The Java Heap base address is the
#     maximum limit for the native heap growth. Please use -XX:HeapBaseMinAddress
#     to set the Java Heap base and to place the Java Heap above 32GB virtual address.
# This output file may be truncated or incomplete.
#
#  Out of Memory Error (os_windows.cpp:3552), pid=27384, tid=3220
#
# JRE version:  (17.0.9+11) (build )
# Java VM: Java HotSpot(TM) 64-Bit Server VM (17.0.9+11-LTS-201, mixed mode, sharing, tiered, compressed oops, compressed class ptrs, g1 gc, windows-amd64)
# No core dump will be written. Minidumps are not enabled by default on client versions of Windows
#

---------------  S U M M A R Y ------------

Command Line: -XX:+ShowCodeDetailsInExceptionMessages com.testRestful.restful.RestfulApplication

Host: AMD Ryzen 7 5800H with Radeon Graphics         , 16 cores, 15G,  Windows 10 , 64 bit Build 19041 (10.0.19041.3636)
Time: Mon Jan  8 14:41:55 2024 SE Asia Standard Time elapsed time: 0.019028 seconds (0d 0h 0m 0s)

---------------  T H R E A D  ---------------

Current thread (0x0000024eae8022a0):  JavaThread "Unknown thread" [_thread_in_vm, id=3220, stack(0x000000ec3f700000,0x000000ec3f800000)]

Stack: [0x000000ec3f700000,0x000000ec3f800000]
Native frames: (J=compiled Java code, j=interpreted, Vv=VM code, C=native code)
V  [jvm.dll+0x678a4a]
V  [jvm.dll+0x7d9cfd]
V  [jvm.dll+0x7db60e]
V  [jvm.dll+0x7dbc73]
V  [jvm.dll+0x245e1f]
V  [jvm.dll+0x6758f9]
V  [jvm.dll+0x66a2a2]
V  [jvm.dll+0x303686]
V  [jvm.dll+0x30ac06]
V  [jvm.dll+0x35a48e]
V  [jvm.dll+0x35a6bf]
V  [jvm.dll+0x2da678]
V  [jvm.dll+0x2db5e4]
V  [jvm.dll+0x7ab6b1]
V  [jvm.dll+0x368041]
V  [jvm.dll+0x78a749]
V  [jvm.dll+0x3ebd4f]
V  [jvm.dll+0x3ed7d1]
C  [jli.dll+0x5297]
C  [ucrtbase.dll+0x21bb2]
C  [KERNEL32.DLL+0x17344]
C  [ntdll.dll+0x526b1]


---------------  P R O C E S S  ---------------

Threads class SMR info:
_java_thread_list=0x00007ffd141489d8, length=0, elements={
}

Java Threads: ( => current thread )

Other Threads:
  0x0000024eae8746e0 GCTaskThread "GC Thread#0" [stack: 0x000000ec3f800000,0x000000ec3f900000] [id=11088]
  0x0000024eae884bf0 ConcurrentGCThread "G1 Main Marker" [stack: 0x000000ec3f900000,0x000000ec3fa00000] [id=11128]
  0x0000024eae885600 ConcurrentGCThread "G1 Conc#0" [stack: 0x000000ec3fa00000,0x000000ec3fb00000] [id=22308]

[error occurred during error reporting (printing all threads), id 0xc0000005, EXCEPTION_ACCESS_VIOLATION (0xc0000005) at pc=0x00007ffd1397b2d7]

VM state: not at safepoint (not fully initialized)

VM Mutex/Monitor currently owned by a thread:  ([mutex/lock_event])
[0x0000024eae7fdd10] Heap_lock - owner thread: 0x0000024eae8022a0

Heap address: 0x000000070a400000, size: 3932 MB, Compressed Oops mode: Zero based, Oop shift amount: 3

CDS archive(s) mapped at: [0x0000000000000000-0x0000000000000000-0x0000000000000000), size 0, SharedBaseAddress: 0x0000000800000000, ArchiveRelocationMode: 1.
Narrow klass base: 0x0000000000000000, Narrow klass shift: 0, Narrow klass range: 0x0

GC Precious Log:
<Empty>

Heap:
 garbage-first heap   total 0K, used 0K [0x000000070a400000, 0x0000000800000000)
  region size 2048K, 0 young (0K), 0 survivors (0K)

[error occurred during error reporting (printing heap information), id 0xc0000005, EXCEPTION_ACCESS_VIOLATION (0xc0000005) at pc=0x00007ffd13d62229]

GC Heap History (0 events):
No events

Deoptimization events (0 events):
No events

Classes unloaded (0 events):
No events

Classes redefined (0 events):
No events

Internal exceptions (0 events):
No events

VM Operations (0 events):
No events

Events (1 events):
Event: 0.012 Loaded shared library C:\Program Files\Java\jdk-17\bin\java.dll


Dynamic libraries:
0x00007ff7c6560000 - 0x00007ff7c6570000 	C:\Program Files\Java\jdk-17\bin\java.exe
0x00007ffd59f90000 - 0x00007ffd5a188000 	C:\WINDOWS\SYSTEM32\ntdll.dll
0x00007ffd58a60000 - 0x00007ffd58b1d000 	C:\WINDOWS\System32\KERNEL32.DLL
0x00007ffd577b0000 - 0x00007ffd57aa6000 	C:\WINDOWS\System32\KERNELBASE.dll
0x00007ffd57b50000 - 0x00007ffd57c50000 	C:\WINDOWS\System32\ucrtbase.dll
0x00007ffd25270000 - 0x00007ffd2528b000 	C:\Program Files\Java\jdk-17\bin\VCRUNTIME140.dll
0x00007ffd24390000 - 0x00007ffd243a9000 	C:\Program Files\Java\jdk-17\bin\jli.dll
0x00007ffd58520000 - 0x00007ffd585cf000 	C:\WINDOWS\System32\ADVAPI32.dll
0x00007ffd58250000 - 0x00007ffd582ee000 	C:\WINDOWS\System32\msvcrt.dll
0x00007ffd589b0000 - 0x00007ffd58a4c000 	C:\WINDOWS\System32\sechost.dll
0x00007ffd593e0000 - 0x00007ffd59506000 	C:\WINDOWS\System32\RPCRT4.dll
0x00007ffd57ff0000 - 0x00007ffd5818e000 	C:\WINDOWS\System32\USER32.dll
0x00007ffd57ab0000 - 0x00007ffd57ad2000 	C:\WINDOWS\System32\win32u.dll
0x00007ffd593b0000 - 0x00007ffd593dc000 	C:\WINDOWS\System32\GDI32.dll
0x00007ffd3bc40000 - 0x00007ffd3beda000 	C:\WINDOWS\WinSxS\amd64_microsoft.windows.common-controls_6595b64144ccf1df_6.0.19041.3636_none_60b6a03d71f818d5\COMCTL32.dll
0x00007ffd57cf0000 - 0x00007ffd57e0a000 	C:\WINDOWS\System32\gdi32full.dll
0x00007ffd57c50000 - 0x00007ffd57ced000 	C:\WINDOWS\System32\msvcp_win.dll
0x00007ffd4e520000 - 0x00007ffd4e52a000 	C:\WINDOWS\SYSTEM32\VERSION.dll
0x00007ffd584e0000 - 0x00007ffd58510000 	C:\WINDOWS\System32\IMM32.DLL
0x00007ffd25b10000 - 0x00007ffd25b1c000 	C:\Program Files\Java\jdk-17\bin\vcruntime140_1.dll
0x00007ffd21bc0000 - 0x00007ffd21c4e000 	C:\Program Files\Java\jdk-17\bin\msvcp140.dll
0x00007ffd13690000 - 0x00007ffd14271000 	C:\Program Files\Java\jdk-17\bin\server\jvm.dll
0x00007ffd589a0000 - 0x00007ffd589a8000 	C:\WINDOWS\System32\PSAPI.DLL
0x00007ffd4bc70000 - 0x00007ffd4bc97000 	C:\WINDOWS\SYSTEM32\WINMM.dll
0x00007ffd3e490000 - 0x00007ffd3e499000 	C:\WINDOWS\SYSTEM32\WSOCK32.dll
0x00007ffd59340000 - 0x00007ffd593ab000 	C:\WINDOWS\System32\WS2_32.dll
0x00007ffd55e80000 - 0x00007ffd55e92000 	C:\WINDOWS\SYSTEM32\kernel.appcore.dll
0x00007ffd25830000 - 0x00007ffd2583a000 	C:\Program Files\Java\jdk-17\bin\jimage.dll
0x00007ffd554d0000 - 0x00007ffd556b4000 	C:\WINDOWS\SYSTEM32\DBGHELP.DLL
0x00007ffd33210000 - 0x00007ffd33244000 	C:\WINDOWS\SYSTEM32\dbgcore.DLL
0x00007ffd57720000 - 0x00007ffd577a2000 	C:\WINDOWS\System32\bcryptPrimitives.dll
0x00007ffd239a0000 - 0x00007ffd239c5000 	C:\Program Files\Java\jdk-17\bin\java.dll

dbghelp: loaded successfully - version: 4.0.5 - missing functions: none
symbol engine: initialized successfully - sym options: 0x614 - pdb path: .;C:\Program Files\Java\jdk-17\bin;C:\WINDOWS\SYSTEM32;C:\WINDOWS\WinSxS\amd64_microsoft.windows.common-controls_6595b64144ccf1df_6.0.19041.3636_none_60b6a03d71f818d5;C:\Program Files\Java\jdk-17\bin\server

VM Arguments:
jvm_args: -XX:+ShowCodeDetailsInExceptionMessages 
java_command: com.testRestful.restful.RestfulApplication
java_class_path (initial): C:\Users\Joe\Downloads\restful\restful\target\classes;C:\Users\Joe\.m2\repository\org\springframework\boot\spring-boot-starter-data-jpa\3.2.1\spring-boot-starter-data-jpa-3.2.1.jar;C:\Users\Joe\.m2\repository\org\springframework\boot\spring-boot-starter-aop\3.2.1\spring-boot-starter-aop-3.2.1.jar;C:\Users\Joe\.m2\repository\org\springframework\spring-aop\6.1.2\spring-aop-6.1.2.jar;C:\Users\Joe\.m2\repository\org\aspectj\aspectjweaver\1.9.21\aspectjweaver-1.9.21.jar;C:\Users\Joe\.m2\repository\org\springframework\boot\spring-boot-starter-jdbc\3.2.1\spring-boot-starter-jdbc-3.2.1.jar;C:\Users\Joe\.m2\repository\com\zaxxer\HikariCP\5.0.1\HikariCP-5.0.1.jar;C:\Users\Joe\.m2\repository\org\springframework\spring-jdbc\6.1.2\spring-jdbc-6.1.2.jar;C:\Users\Joe\.m2\repository\org\hibernate\orm\hibernate-core\6.4.1.Final\hibernate-core-6.4.1.Final.jar;C:\Users\Joe\.m2\repository\jakarta\persistence\jakarta.persistence-api\3.1.0\jakarta.persistence-api-3.1.0.jar;C:\Users\Joe\.m2\repository\jakarta\transaction\jakarta.transaction-api\2.0.1\jakarta.transaction-api-2.0.1.jar;C:\Users\Joe\.m2\repository\org\jboss\logging\jboss-logging\3.5.3.Final\jboss-logging-3.5.3.Final.jar;C:\Users\Joe\.m2\repository\org\hibernate\common\hibernate-commons-annotations\6.0.6.Final\hibernate-commons-annotations-6.0.6.Final.jar;C:\Users\Joe\.m2\repository\io\smallrye\jandex\3.1.2\jandex-3.1.2.jar;C:\Users\Joe\.m2\repository\com\fasterxml\classmate\1.6.0\classmate-1.6.0.jar;C:\Users\Joe\.m2\repository\net\bytebuddy\byte-buddy\1.14.10\byte-buddy-1.14.10.jar;C:\Users\Joe\.m2\repository\org\glassfish\jaxb\jaxb-runtime\4.0.4\jaxb-runtime-4.0.4.jar;C:\Users\Joe\.m2\repository\org\glassfish\jaxb\jaxb-core\4.0.4\jaxb-core-4.0.4.jar;C:\Users\Joe\.m2\repository\org\eclipse\angus\angus-activation\2.0.1\angus-activation-2.0.1.jar;C:\Users\Joe\.m2\repository\org\glassfish\jaxb\txw2\4.0.4\txw2-4.0.4.jar;C:\Users\Joe\.m2\repository\com\sun\istack\istack-commons-runtime\4.1.2\istack-co
Launcher Type: SUN_STANDARD

[Global flags]
     intx CICompilerCount                          = 12                                        {product} {ergonomic}
     uint ConcGCThreads                            = 3                                         {product} {ergonomic}
     uint G1ConcRefinementThreads                  = 13                                        {product} {ergonomic}
   size_t G1HeapRegionSize                         = 2097152                                   {product} {ergonomic}
    uintx GCDrainStackTargetSize                   = 64                                        {product} {ergonomic}
   size_t InitialHeapSize                          = 257949696                                 {product} {ergonomic}
   size_t MarkStackSize                            = 4194304                                   {product} {ergonomic}
   size_t MaxHeapSize                              = 4123000832                                {product} {ergonomic}
   size_t MinHeapDeltaBytes                        = 2097152                                   {product} {ergonomic}
   size_t MinHeapSize                              = 8388608                                   {product} {ergonomic}
    uintx NonNMethodCodeHeapSize                   = 7602480                                {pd product} {ergonomic}
    uintx NonProfiledCodeHeapSize                  = 122027880                              {pd product} {ergonomic}
    uintx ProfiledCodeHeapSize                     = 122027880                              {pd product} {ergonomic}
    uintx ReservedCodeCacheSize                    = 251658240                              {pd product} {ergonomic}
     bool SegmentedCodeCache                       = true                                      {product} {ergonomic}
     bool ShowCodeDetailsInExceptionMessages       = true                                   {manageable} {command line}
   size_t SoftMaxHeapSize                          = 4123000832                             {manageable} {ergonomic}
     bool UseCompressedClassPointers               = true                           {product lp64_product} {ergonomic}
     bool UseCompressedOops                        = true                           {product lp64_product} {ergonomic}
     bool UseG1GC                                  = true                                      {product} {ergonomic}
     bool UseLargePagesIndividualAllocation        = false                                  {pd product} {ergonomic}

Logging:
Log output configuration:
 #0: stdout all=warning uptime,level,tags
 #1: stderr all=off uptime,level,tags

Environment Variables:
PATH=C:\Program Files\Common Files\Oracle\Java\javapath;C:\oraclexe\app\oracle\product\11.2.0\server\bin;C:\Windows\system32;C:\Windows;C:\Windows\System32\Wbem;C:\Windows\System32\WindowsPowerShell\v1.0\;C:\Windows\System32\OpenSSH\;C:\Program Files (x86)\NVIDIA Corporation\PhysX\Common;C:\Program Files\NVIDIA Corporation\NVIDIA NvDLISR;C:\WINDOWS\system32;C:\WINDOWS;C:\WINDOWS\System32\Wbem;C:\WINDOWS\System32\WindowsPowerShell\v1.0\;C:\WINDOWS\System32\OpenSSH\;C:\Program Files\Microsoft SQL Server\150\Tools\Binn\;C:\Program Files\Microsoft SQL Server\Client SDK\ODBC\170\Tools\Binn\;C:\Program Files\dotnet\;C:\Program Files\nodejs\;C:\Program Files (x86)\Yarn\bin\;C:\Program Files\Git\cmd;C:\Program Files\Docker\Docker\resources\bin;C:\Users\Joe\Downloads\apache-maven-3.9.5-bin\apache-maven-3.9.5\bin;C:\Users\Joe\AppData\Local\Microsoft\WindowsApps;C:\Users\Joe\AppData\Local\Programs\Microsoft VS Code\bin;C:\Users\Joe\.dotnet\tools;C:\Users\Joe\AppData\Roaming\npm;C:\Users\Joe\AppData\Local\Yarn\bin;C:\Users\Joe\AppData\Local\Temp\MicrosoftEdgeDownloads\38dbbd7d-edd0-43a8-9d29-f4ad4df299d2\apache-maven-3.9.5-bin\apache-maven-3.9.5\bin;
USERNAME=Joe
LANG=en_US.UTF-8
OS=Windows_NT
PROCESSOR_IDENTIFIER=AMD64 Family 25 Model 80 Stepping 0, AuthenticAMD



---------------  S Y S T E M  ---------------

OS:
 Windows 10 , 64 bit Build 19041 (10.0.19041.3636)
OS uptime: 18 days 17:31 hours
Hyper-V role detected

CPU: total 16 (initial active 16) (16 cores per cpu, 2 threads per core) family 25 model 80 stepping 0 microcode 0x0, cx8, cmov, fxsr, ht, mmx, 3dnowpref, sse, sse2, sse3, ssse3, sse4a, sse4.1, sse4.2, popcnt, lzcnt, tsc, tscinvbit, avx, avx2, aes, erms, clmul, bmi1, bmi2, adx, sha, fma, vzeroupper, clflush, clflushopt, hv

Memory: 4k page, system-wide physical 15724M (3444M free)
TotalPageFile size 19820M (AvailPageFile size 131M)
current process WorkingSet (physical memory assigned to process): 10M, peak: 10M
current process commit charge ("private bytes"): 70M, peak: 316M

vm_info: Java HotSpot(TM) 64-Bit Server VM (17.0.9+11-LTS-201) for windows-amd64 JRE (17.0.9+11-LTS-201), built on Oct 10 2023 23:16:06 by "mach5one" with MS VC++ 17.1 (VS2022)

END.
