#
# There is insufficient memory for the Java Runtime Environment to continue.
# Native memory allocation (malloc) failed to allocate 689056 bytes for Chunk::new
# Possible reasons:
#   The system is out of physical RAM or swap space
#   The process is running with CompressedOops enabled, and the Java Heap may be blocking the growth of the native heap
# Possible solutions:
#   Reduce memory load on the system
#   Increase physical memory or swap space
#   Check if swap backing store is full
#   Decrease Java heap size (-Xmx/-Xms)
#   Decrease number of Java threads
#   Decrease Java thread stack sizes (-Xss)
#   Set larger code cache with -XX:ReservedCodeCacheSize=
#   JVM is running with Unscaled Compressed Oops mode in which the Java heap is
#     placed in the first 4GB address space. The Java Heap base address is the
#     maximum limit for the native heap growth. Please use -XX:HeapBaseMinAddress
#     to set the Java Heap base and to place the Java Heap above 4GB virtual address.
# This output file may be truncated or incomplete.
#
#  Out of Memory Error (arena.cpp:191), pid=8040, tid=20912
#
# JRE version: OpenJDK Runtime Environment Temurin-17.0.9+9 (17.0.9+9) (build 17.0.9+9)
# Java VM: OpenJDK 64-Bit Server VM Temurin-17.0.9+9 (17.0.9+9, mixed mode, tiered, compressed oops, compressed class ptrs, parallel gc, windows-amd64)
# No core dump will be written. Minidumps are not enabled by default on client versions of Windows
#

---------------  S U M M A R Y ------------

Command Line: --add-modules=ALL-SYSTEM --add-opens=java.base/java.util=ALL-UNNAMED --add-opens=java.base/java.lang=ALL-UNNAMED --add-opens=java.base/sun.nio.fs=ALL-UNNAMED -Declipse.application=org.eclipse.jdt.ls.core.id1 -Dosgi.bundles.defaultStartLevel=4 -Declipse.product=org.eclipse.jdt.ls.core.product -Djava.import.generatesMetadataFilesAtProjectRoot=false -DDetectVMInstallationsJob.disabled=true -Dfile.encoding=utf8 -XX:+UseParallelGC -XX:GCTimeRatio=4 -XX:AdaptiveSizePolicyWeight=90 -Dsun.zip.disableMemoryMapping=true -Xmx1G -Xms100m -Xlog:disable -javaagent:c:\Users\Joe\.vscode\extensions\redhat.java-1.25.1-win32-x64\lombok\lombok-1.18.30.jar -XX:+HeapDumpOnOutOfMemoryError -XX:HeapDumpPath=c:\Users\Joe\AppData\Roaming\Code\User\workspaceStorage\1b87303517c46d550ae91e200a721e68\redhat.java -Daether.dependencyCollector.impl=bf c:\Users\Joe\.vscode\extensions\redhat.java-1.25.1-win32-x64\server\plugins\org.eclipse.equinox.launcher_1.6.600.v20231106-1826.jar -configuration c:\Users\Joe\AppData\Roaming\Code\User\globalStorage\redhat.java\1.25.1\config_win -data c:\Users\Joe\AppData\Roaming\Code\User\workspaceStorage\1b87303517c46d550ae91e200a721e68\redhat.java\jdt_ws --stdio

Host: AMD Ryzen 7 5800H with Radeon Graphics         , 16 cores, 15G,  Windows 10 , 64 bit Build 19041 (10.0.19041.3636)
Time: Mon Jan  8 14:40:26 2024 SE Asia Standard Time elapsed time: 12.557449 seconds (0d 0h 0m 12s)

---------------  T H R E A D  ---------------

Current thread (0x000001d57ebf6890):  JavaThread "C2 CompilerThread0" daemon [_thread_in_native, id=20912, stack(0x0000001736b00000,0x0000001736c00000)]


Current CompileTask:
C2:  12557 10121       4       org.eclipse.jdt.internal.core.JavaModelCache::getInfo (135 bytes)

Stack: [0x0000001736b00000,0x0000001736c00000]
Native frames: (J=compiled Java code, j=interpreted, Vv=VM code, C=native code)
V  [jvm.dll+0x67cf49]
V  [jvm.dll+0x83478a]
V  [jvm.dll+0x83624e]
V  [jvm.dll+0x8368b3]
V  [jvm.dll+0x247f1f]
V  [jvm.dll+0xac43c]
V  [jvm.dll+0xaca8c]
V  [jvm.dll+0x367067]
V  [jvm.dll+0x3313ba]
V  [jvm.dll+0x33085a]
V  [jvm.dll+0x21a5b1]
V  [jvm.dll+0x2199d1]
V  [jvm.dll+0x1a57cd]
V  [jvm.dll+0x2297ae]
V  [jvm.dll+0x22797c]
V  [jvm.dll+0x7e9877]
V  [jvm.dll+0x7e3c3a]
V  [jvm.dll+0x67be35]
C  [ucrtbase.dll+0x21bb2]
C  [KERNEL32.DLL+0x17344]
C  [ntdll.dll+0x526b1]


---------------  P R O C E S S  ---------------

Threads class SMR info:
_java_thread_list=0x000001d504b27cf0, length=46, elements={
0x000001d569a29070, 0x000001d57ebda750, 0x000001d57ebdbf00, 0x000001d57ebeffe0,
0x000001d57ebf0d70, 0x000001d57ebf22a0, 0x000001d57ebf5c90, 0x000001d57ebf6890,
0x000001d57ebf9d80, 0x000001d57ec1f230, 0x000001d57ed1cd50, 0x000001d57ed5e7f0,
0x000001d57ee0f3b0, 0x000001d504aab490, 0x000001d504acb030, 0x000001d504b517b0,
0x000001d50564c040, 0x000001d50542d350, 0x000001d5054296f0, 0x000001d505518e70,
0x000001d5055f0d60, 0x000001d505b7dd70, 0x000001d505e388d0, 0x000001d50582cce0,
0x000001d50582b8a0, 0x000001d50582c7d0, 0x000001d50582bdb0, 0x000001d50582d1f0,
0x000001d50582ae80, 0x000001d50942e500, 0x000001d50582d700, 0x000001d50582b390,
0x000001d50582a970, 0x000001d50b399e40, 0x000001d50b397ad0, 0x000001d50b397fe0,
0x000001d50b39ad70, 0x000001d50b39bca0, 0x000001d50b39db00, 0x000001d50b39ef40,
0x000001d50b39e520, 0x000001d50b399930, 0x000001d50e4721d0, 0x000001d50e474700,
0x000001d50b3984f0, 0x000001d50b398f10
}

Java Threads: ( => current thread )
  0x000001d569a29070 JavaThread "main" [_thread_blocked, id=22416, stack(0x0000001736200000,0x0000001736300000)]
  0x000001d57ebda750 JavaThread "Reference Handler" daemon [_thread_blocked, id=12396, stack(0x0000001736500000,0x0000001736600000)]
  0x000001d57ebdbf00 JavaThread "Finalizer" daemon [_thread_blocked, id=28528, stack(0x0000001736600000,0x0000001736700000)]
  0x000001d57ebeffe0 JavaThread "Signal Dispatcher" daemon [_thread_blocked, id=11740, stack(0x0000001736700000,0x0000001736800000)]
  0x000001d57ebf0d70 JavaThread "Attach Listener" daemon [_thread_blocked, id=23732, stack(0x0000001736800000,0x0000001736900000)]
  0x000001d57ebf22a0 JavaThread "Service Thread" daemon [_thread_blocked, id=6788, stack(0x0000001736900000,0x0000001736a00000)]
  0x000001d57ebf5c90 JavaThread "Monitor Deflation Thread" daemon [_thread_blocked, id=18900, stack(0x0000001736a00000,0x0000001736b00000)]
=>0x000001d57ebf6890 JavaThread "C2 CompilerThread0" daemon [_thread_in_native, id=20912, stack(0x0000001736b00000,0x0000001736c00000)]
  0x000001d57ebf9d80 JavaThread "C1 CompilerThread0" daemon [_thread_blocked, id=11136, stack(0x0000001736c00000,0x0000001736d00000)]
  0x000001d57ec1f230 JavaThread "Sweeper thread" daemon [_thread_blocked, id=520, stack(0x0000001736d00000,0x0000001736e00000)]
  0x000001d57ed1cd50 JavaThread "Common-Cleaner" daemon [_thread_blocked, id=24612, stack(0x0000001736e00000,0x0000001736f00000)]
  0x000001d57ed5e7f0 JavaThread "C1 CompilerThread1" daemon [_thread_blocked, id=5352, stack(0x0000001736f00000,0x0000001737000000)]
  0x000001d57ee0f3b0 JavaThread "C2 CompilerThread1" daemon [_thread_in_native, id=23252, stack(0x0000001737000000,0x0000001737100000)]
  0x000001d504aab490 JavaThread "C1 CompilerThread2" daemon [_thread_in_native, id=26864, stack(0x0000001737200000,0x0000001737300000)]
  0x000001d504acb030 JavaThread "C1 CompilerThread3" daemon [_thread_blocked, id=19780, stack(0x0000001737300000,0x0000001737400000)]
  0x000001d504b517b0 JavaThread "Notification Thread" daemon [_thread_blocked, id=3232, stack(0x0000001737400000,0x0000001737500000)]
  0x000001d50564c040 JavaThread "C2 CompilerThread2" daemon [_thread_in_native, id=13876, stack(0x0000001737100000,0x0000001737200000)]
  0x000001d50542d350 JavaThread "C2 CompilerThread3" daemon [_thread_in_native, id=19700, stack(0x0000001737600000,0x0000001737700000)]
  0x000001d5054296f0 JavaThread "Active Thread: Equinox Container: 3144dc86-3390-4695-a954-502dc1b7c32f" [_thread_blocked, id=22496, stack(0x0000001737c00000,0x0000001737d00000)]
  0x000001d505518e70 JavaThread "Framework Event Dispatcher: Equinox Container: 3144dc86-3390-4695-a954-502dc1b7c32f" daemon [_thread_blocked, id=508, stack(0x0000001737d00000,0x0000001737e00000)]
  0x000001d5055f0d60 JavaThread "Start Level: Equinox Container: 3144dc86-3390-4695-a954-502dc1b7c32f" daemon [_thread_blocked, id=25988, stack(0x0000001737e00000,0x0000001737f00000)]
  0x000001d505b7dd70 JavaThread "Bundle File Closer" daemon [_thread_blocked, id=13892, stack(0x0000001738100000,0x0000001738200000)]
  0x000001d505e388d0 JavaThread "SCR Component Actor" daemon [_thread_blocked, id=5500, stack(0x0000001738200000,0x0000001738300000)]
  0x000001d50582cce0 JavaThread "Worker-JM" [_thread_blocked, id=15480, stack(0x0000001738700000,0x0000001738800000)]
  0x000001d50582b8a0 JavaThread "Worker-0: Synchronizing projects" [_thread_blocked, id=20736, stack(0x0000001738900000,0x0000001738a00000)]
  0x000001d50582c7d0 JavaThread "Worker-1: Initialize Workspace" [_thread_blocked, id=18304, stack(0x0000001738a00000,0x0000001738b00000)]
  0x000001d50582bdb0 JavaThread "Worker-2: Synchronizing projects" [_thread_blocked, id=9768, stack(0x0000001738c00000,0x0000001738d00000)]
  0x000001d50582d1f0 JavaThread "Java indexing" daemon [_thread_blocked, id=18964, stack(0x0000001738d00000,0x0000001738e00000)]
  0x000001d50582ae80 JavaThread "JNA Cleaner" daemon [_thread_blocked, id=24644, stack(0x0000001738e00000,0x0000001738f00000)]
  0x000001d50942e500 JavaThread "C2 CompilerThread4" daemon [_thread_in_native, id=23224, stack(0x0000001738f00000,0x0000001739000000)]
  0x000001d50582d700 JavaThread "pool-2-thread-1" [_thread_blocked, id=9696, stack(0x0000001739300000,0x0000001739400000)]
  0x000001d50582b390 JavaThread "WorkspaceEventsHandler" [_thread_blocked, id=19904, stack(0x0000001739400000,0x0000001739500000)]
  0x000001d50582a970 JavaThread "pool-1-thread-1" [_thread_in_native, id=9792, stack(0x0000001739500000,0x0000001739600000)]
  0x000001d50b399e40 JavaThread "Worker-3: Update project restful" [_thread_in_Java, id=25636, stack(0x0000001739600000,0x0000001739700000)]
  0x000001d50b397ad0 JavaThread "Worker-4: Refreshing workspace" [_thread_blocked, id=9928, stack(0x0000001738400000,0x0000001738500000)]
  0x000001d50b397fe0 JavaThread "Worker-5: Initialize workspace" [_thread_blocked, id=20444, stack(0x0000001739200000,0x0000001739300000)]
  0x000001d50b39ad70 JavaThread "ForkJoinPool.commonPool-worker-1" daemon [_thread_blocked, id=27788, stack(0x0000001739700000,0x0000001739800000)]
  0x000001d50b39bca0 JavaThread "ForkJoinPool.commonPool-worker-2" daemon [_thread_blocked, id=25208, stack(0x0000001739800000,0x0000001739900000)]
  0x000001d50b39db00 JavaThread "ForkJoinPool.commonPool-worker-3" daemon [_thread_blocked, id=24348, stack(0x0000001739900000,0x0000001739a00000)]
  0x000001d50b39ef40 JavaThread "Worker-6" [_thread_blocked, id=20820, stack(0x0000001739a00000,0x0000001739b00000)]
  0x000001d50b39e520 JavaThread "Worker-7: Publish Diagnostics" [_thread_in_native, id=7528, stack(0x0000001739000000,0x0000001739100000)]
  0x000001d50b399930 JavaThread "ForkJoinPool.commonPool-worker-4" daemon [_thread_in_Java, id=21372, stack(0x0000001739100000,0x0000001739200000)]
  0x000001d50e4721d0 JavaThread "C2 CompilerThread5" daemon [_thread_in_vm, id=2512, stack(0x0000001739b00000,0x0000001739c00000)]
  0x000001d50e474700 JavaThread "C2 CompilerThread6" daemon [_thread_in_native, id=12096, stack(0x000000173a100000,0x000000173a200000)]
  0x000001d50b3984f0 JavaThread "ForkJoinPool.commonPool-worker-5" daemon [_thread_blocked, id=17044, stack(0x000000173a200000,0x000000173a300000)]
  0x000001d50b398f10 JavaThread "ForkJoinPool.commonPool-worker-6" daemon [_thread_blocked, id=7228, stack(0x000000173a300000,0x000000173a400000)]

Other Threads:
  0x000001d569ab6890 VMThread "VM Thread" [stack: 0x0000001736400000,0x0000001736500000] [id=24184]
  0x000001d504b43090 WatcherThread [stack: 0x0000001737500000,0x0000001737600000] [id=8236]
  0x000001d569a41580 GCTaskThread "GC Thread#0" [stack: 0x0000001736300000,0x0000001736400000] [id=25592]
  0x000001d5053266c0 GCTaskThread "GC Thread#1" [stack: 0x0000001737700000,0x0000001737800000] [id=4776]
  0x000001d50526dd70 GCTaskThread "GC Thread#2" [stack: 0x0000001737800000,0x0000001737900000] [id=17972]
  0x000001d504fb5010 GCTaskThread "GC Thread#3" [stack: 0x0000001737900000,0x0000001737a00000] [id=11544]
  0x000001d504fb52d0 GCTaskThread "GC Thread#4" [stack: 0x0000001737a00000,0x0000001737b00000] [id=4012]
  0x000001d5052debc0 GCTaskThread "GC Thread#5" [stack: 0x0000001737b00000,0x0000001737c00000] [id=14496]
  0x000001d505493510 GCTaskThread "GC Thread#6" [stack: 0x0000001737f00000,0x0000001738000000] [id=19372]
  0x000001d505606b00 GCTaskThread "GC Thread#7" [stack: 0x0000001738000000,0x0000001738100000] [id=25144]
  0x000001d505cae2c0 GCTaskThread "GC Thread#8" [stack: 0x0000001738300000,0x0000001738400000] [id=8584]
  0x000001d505ab69b0 GCTaskThread "GC Thread#9" [stack: 0x0000001738500000,0x0000001738600000] [id=10560]
  0x000001d505be7a60 GCTaskThread "GC Thread#10" [stack: 0x0000001738600000,0x0000001738700000] [id=18192]
  0x000001d505be8130 GCTaskThread "GC Thread#11" [stack: 0x0000001738800000,0x0000001738900000] [id=27292]
  0x000001d505e1a0e0 GCTaskThread "GC Thread#12" [stack: 0x0000001738b00000,0x0000001738c00000] [id=14312]

Threads with active compile tasks:
C2 CompilerThread0    12602 10121       4       org.eclipse.jdt.internal.core.JavaModelCache::getInfo (135 bytes)
C1 CompilerThread0    12602 10171       3       java.io.InputStream::readAllBytes (7 bytes)
C2 CompilerThread1    12602 10076  s    4       org.eclipse.jdt.internal.core.JavaModelManager::getInfo (36 bytes)
C2 CompilerThread2    12602 10065   !   4       java.io.ObjectInputStream::readObject0 (681 bytes)
C2 CompilerThread3    12602 10122       4       org.eclipse.osgi.internal.loader.ModuleClassLoader::toString (80 bytes)
C2 CompilerThread4    12602 8872 %     4       org.lombokweb.asm.ClassReader::readCode @ 2036 (5117 bytes)
C2 CompilerThread5    12602 10158 % !   4       org.eclipse.jdt.internal.core.JarPackageFragmentRoot::computeChildren @ 252 (613 bytes)
C2 CompilerThread6    12602 10084       4       org.codehaus.plexus.util.xml.pull.MXParser::parseAttribute (1429 bytes)

VM state: not at safepoint (normal execution)

VM Mutex/Monitor currently owned by a thread: None

Heap address: 0x00000000c0000000, size: 1024 MB, Compressed Oops mode: 32-bit

CDS archive(s) not mapped
Compressed class space mapped at: 0x0000000100000000-0x0000000140000000, reserved size: 1073741824
Narrow klass base: 0x0000000000000000, Narrow klass shift: 3, Narrow klass range: 0x140000000

GC Precious Log:
 CPUs: 16 total, 16 available
 Memory: 15724M
 Large Page Support: Disabled
 NUMA Support: Disabled
 Compressed Oops: Enabled (32-bit)
 Alignments: Space 512K, Generation 512K, Heap 2M
 Heap Min Capacity: 100M
 Heap Initial Capacity: 100M
 Heap Max Capacity: 1G
 Pre-touch: Disabled
 Parallel Workers: 13

Heap:
 PSYoungGen      total 16896K, used 8148K [0x00000000eab00000, 0x00000000ebd00000, 0x0000000100000000)
  eden space 15360K, 44% used [0x00000000eab00000,0x00000000eb1aa1c0,0x00000000eba00000)
  from space 1536K, 86% used [0x00000000ebb80000,0x00000000ebccb138,0x00000000ebd00000)
  to   space 1536K, 0% used [0x00000000eba00000,0x00000000eba00000,0x00000000ebb80000)
 ParOldGen       total 68608K, used 55863K [0x00000000c0000000, 0x00000000c4300000, 0x00000000eab00000)
  object space 68608K, 81% used [0x00000000c0000000,0x00000000c368df80,0x00000000c4300000)
 Metaspace       used 65777K, committed 67008K, reserved 1114112K
  class space    used 6916K, committed 7424K, reserved 1048576K

Card table byte_map: [0x000001d5693d0000,0x000001d5695e0000] _byte_map_base: 0x000001d568dd0000

Marking Bits: (ParMarkBitMap*) 0x00007ffd14e1d0b0
 Begin Bits: [0x000001d57b6d0000, 0x000001d57c6d0000)
 End Bits:   [0x000001d57c6d0000, 0x000001d57d6d0000)

Polling page: 0x000001d5679f0000

Metaspace:

Usage:
  Non-class:     57.48 MB used.
      Class:      6.75 MB used.
       Both:     64.24 MB used.

Virtual space:
  Non-class space:       64.00 MB reserved,      58.19 MB ( 91%) committed,  1 nodes.
      Class space:        1.00 GB reserved,       7.25 MB ( <1%) committed,  1 nodes.
             Both:        1.06 GB reserved,      65.44 MB (  6%) committed. 

Chunk freelists:
   Non-Class:  5.34 MB
       Class:  8.75 MB
        Both:  14.10 MB

MaxMetaspaceSize: unlimited
CompressedClassSpaceSize: 1.00 GB
Initial GC threshold: 21.00 MB
Current GC threshold: 97.31 MB
CDS: off
MetaspaceReclaimPolicy: balanced
 - commit_granule_bytes: 65536.
 - commit_granule_words: 8192.
 - virtual_space_node_default_size: 8388608.
 - enlarge_chunks_in_place: 1.
 - new_chunks_are_fully_committed: 0.
 - uncommit_free_chunks: 1.
 - use_allocation_guard: 0.
 - handle_deallocations: 1.


Internal statistics:

num_allocs_failed_limit: 9.
num_arena_births: 856.
num_arena_deaths: 14.
num_vsnodes_births: 2.
num_vsnodes_deaths: 0.
num_space_committed: 1047.
num_space_uncommitted: 0.
num_chunks_returned_to_freelist: 23.
num_chunks_taken_from_freelist: 3626.
num_chunk_merges: 10.
num_chunk_splits: 2194.
num_chunks_enlarged: 1196.
num_inconsistent_stats: 0.

CodeHeap 'non-profiled nmethods': size=119168Kb used=5623Kb max_used=5623Kb free=113544Kb
 bounds [0x000001d574270000, 0x000001d5747f0000, 0x000001d57b6d0000]
CodeHeap 'profiled nmethods': size=119104Kb used=18949Kb max_used=18949Kb free=100154Kb
 bounds [0x000001d56c6d0000, 0x000001d56d960000, 0x000001d573b20000]
CodeHeap 'non-nmethods': size=7488Kb used=3045Kb max_used=3077Kb free=4442Kb
 bounds [0x000001d573b20000, 0x000001d573e30000, 0x000001d574270000]
 total_blobs=9414 nmethods=8744 adapters=579
 compilation: enabled
              stopped_count=0, restarted_count=0
 full_count=0

Compilation events (20 events):
Event: 12.514 Thread 0x000001d57ebf9d80 10145       3       org.eclipse.jdt.internal.core.JavaModelManager::getZipFile (7 bytes)
Event: 12.514 Thread 0x000001d57ed5e7f0 10143   !   3       org.eclipse.jdt.internal.core.JavaModelManager::closeZipFile (105 bytes)
Event: 12.515 Thread 0x000001d57ebf9d80 nmethod 10145 0x000001d56d93c690 code [0x000001d56d93c820, 0x000001d56d93c968]
Event: 12.515 Thread 0x000001d57ebf9d80 10146   !   3       org.eclipse.jdt.internal.core.JavaModelManager::getZipFile (156 bytes)
Event: 12.516 Thread 0x000001d504acb030 nmethod 10142 0x000001d56d93ca10 code [0x000001d56d93cc60, 0x000001d56d93d978]
Event: 12.516 Thread 0x000001d504acb030 10147       3       org.eclipse.jdt.internal.core.JavaModel::getHandleMemento (10 bytes)
Event: 12.517 Thread 0x000001d504acb030 nmethod 10147 0x000001d56d93df10 code [0x000001d56d93e0c0, 0x000001d56d93e448]
Event: 12.517 Thread 0x000001d504acb030 10148       3       org.eclipse.jdt.internal.core.JavaModelManager::getLocalFile (131 bytes)
Event: 12.517 Thread 0x000001d57ed5e7f0 nmethod 10143 0x000001d56d93e590 code [0x000001d56d93e880, 0x000001d56d93f728]
Event: 12.517 Thread 0x000001d57ed5e7f0 10149       3       org.eclipse.jdt.internal.core.JavaModelManager$InvalidArchiveInfo::<init> (15 bytes)
Event: 12.517 Thread 0x000001d57ed5e7f0 nmethod 10149 0x000001d56d93fd10 code [0x000001d56d93fea0, 0x000001d56d940018]
Event: 12.518 Thread 0x000001d57ebf9d80 nmethod 10146 0x000001d56d940110 code [0x000001d56d940420, 0x000001d56d9415b8]
Event: 12.519 Thread 0x000001d504acb030 nmethod 10148 0x000001d56d941d90 code [0x000001d56d942100, 0x000001d56d943748]
Event: 12.519 Thread 0x000001d504aab490 nmethod 10144 0x000001d56d944010 code [0x000001d56d944520, 0x000001d56d947638]
Event: 12.523 Thread 0x000001d57ebf9d80 10151       3       java.util.jar.Attributes::<init> (7 bytes)
Event: 12.527 Thread 0x000001d57ebf9d80 nmethod 10151 0x000001d56d948810 code [0x000001d56d948a00, 0x000001d56d948d68]
Event: 12.533 Thread 0x000001d504acb030 10152       3       java.util.jar.Attributes::getValue (12 bytes)
Event: 12.535 Thread 0x000001d504acb030 nmethod 10152 0x000001d56d948f10 code [0x000001d56d949120, 0x000001d56d9497d8]
Event: 12.536 Thread 0x000001d50e4721d0 nmethod 9600 0x000001d5747e0810 code [0x000001d5747e0d80, 0x000001d5747e7df8]
Event: 12.537 Thread 0x000001d50e4721d0 10129       4       org.eclipse.core.runtime.Path::toOSString (228 bytes)

GC Heap History (20 events):
Event: 11.692 GC heap before
{Heap before GC invocations=41 (full 3):
 PSYoungGen      total 18432K, used 18359K [0x00000000eab00000, 0x00000000ebf80000, 0x0000000100000000)
  eden space 16896K, 100% used [0x00000000eab00000,0x00000000ebb80000,0x00000000ebb80000)
  from space 1536K, 95% used [0x00000000ebb80000,0x00000000ebcedd20,0x00000000ebd00000)
  to   space 2048K, 0% used [0x00000000ebd80000,0x00000000ebd80000,0x00000000ebf80000)
 ParOldGen       total 68608K, used 45943K [0x00000000c0000000, 0x00000000c4300000, 0x00000000eab00000)
  object space 68608K, 66% used [0x00000000c0000000,0x00000000c2cddfc0,0x00000000c4300000)
 Metaspace       used 64794K, committed 65984K, reserved 1114112K
  class space    used 6847K, committed 7360K, reserved 1048576K
}
Event: 11.697 GC heap after
{Heap after GC invocations=41 (full 3):
 PSYoungGen      total 17408K, used 2045K [0x00000000eab00000, 0x00000000ec280000, 0x0000000100000000)
  eden space 15360K, 0% used [0x00000000eab00000,0x00000000eab00000,0x00000000eba00000)
  from space 2048K, 99% used [0x00000000ebd80000,0x00000000ebf7f770,0x00000000ebf80000)
  to   space 3584K, 0% used [0x00000000eba00000,0x00000000eba00000,0x00000000ebd80000)
 ParOldGen       total 68608K, used 47085K [0x00000000c0000000, 0x00000000c4300000, 0x00000000eab00000)
  object space 68608K, 68% used [0x00000000c0000000,0x00000000c2dfb650,0x00000000c4300000)
 Metaspace       used 64794K, committed 65984K, reserved 1114112K
  class space    used 6847K, committed 7360K, reserved 1048576K
}
Event: 11.884 GC heap before
{Heap before GC invocations=42 (full 3):
 PSYoungGen      total 17408K, used 17405K [0x00000000eab00000, 0x00000000ec280000, 0x0000000100000000)
  eden space 15360K, 99% used [0x00000000eab00000,0x00000000eb9fffc8,0x00000000eba00000)
  from space 2048K, 99% used [0x00000000ebd80000,0x00000000ebf7f770,0x00000000ebf80000)
  to   space 3584K, 0% used [0x00000000eba00000,0x00000000eba00000,0x00000000ebd80000)
 ParOldGen       total 68608K, used 47085K [0x00000000c0000000, 0x00000000c4300000, 0x00000000eab00000)
  object space 68608K, 68% used [0x00000000c0000000,0x00000000c2dfb650,0x00000000c4300000)
 Metaspace       used 65342K, committed 66560K, reserved 1114112K
  class space    used 6876K, committed 7424K, reserved 1048576K
}
Event: 11.887 GC heap after
{Heap after GC invocations=42 (full 3):
 PSYoungGen      total 17408K, used 1542K [0x00000000eab00000, 0x00000000ebf00000, 0x0000000100000000)
  eden space 15360K, 0% used [0x00000000eab00000,0x00000000eab00000,0x00000000eba00000)
  from space 2048K, 75% used [0x00000000eba00000,0x00000000ebb81ae0,0x00000000ebc00000)
  to   space 2560K, 0% used [0x00000000ebc80000,0x00000000ebc80000,0x00000000ebf00000)
 ParOldGen       total 68608K, used 47643K [0x00000000c0000000, 0x00000000c4300000, 0x00000000eab00000)
  object space 68608K, 69% used [0x00000000c0000000,0x00000000c2e86d68,0x00000000c4300000)
 Metaspace       used 65342K, committed 66560K, reserved 1114112K
  class space    used 6876K, committed 7424K, reserved 1048576K
}
Event: 12.017 GC heap before
{Heap before GC invocations=43 (full 3):
 PSYoungGen      total 17408K, used 16902K [0x00000000eab00000, 0x00000000ebf00000, 0x0000000100000000)
  eden space 15360K, 100% used [0x00000000eab00000,0x00000000eba00000,0x00000000eba00000)
  from space 2048K, 75% used [0x00000000eba00000,0x00000000ebb81ae0,0x00000000ebc00000)
  to   space 2560K, 0% used [0x00000000ebc80000,0x00000000ebc80000,0x00000000ebf00000)
 ParOldGen       total 68608K, used 47643K [0x00000000c0000000, 0x00000000c4300000, 0x00000000eab00000)
  object space 68608K, 69% used [0x00000000c0000000,0x00000000c2e86d68,0x00000000c4300000)
 Metaspace       used 65485K, committed 66688K, reserved 1114112K
  class space    used 6889K, committed 7424K, reserved 1048576K
}
Event: 12.020 GC heap after
{Heap after GC invocations=43 (full 3):
 PSYoungGen      total 17408K, used 1592K [0x00000000eab00000, 0x00000000ebe80000, 0x0000000100000000)
  eden space 15360K, 0% used [0x00000000eab00000,0x00000000eab00000,0x00000000eba00000)
  from space 2048K, 77% used [0x00000000ebc80000,0x00000000ebe0e098,0x00000000ebe80000)
  to   space 2048K, 0% used [0x00000000eba00000,0x00000000eba00000,0x00000000ebc00000)
 ParOldGen       total 68608K, used 48611K [0x00000000c0000000, 0x00000000c4300000, 0x00000000eab00000)
  object space 68608K, 70% used [0x00000000c0000000,0x00000000c2f78d88,0x00000000c4300000)
 Metaspace       used 65485K, committed 66688K, reserved 1114112K
  class space    used 6889K, committed 7424K, reserved 1048576K
}
Event: 12.092 GC heap before
{Heap before GC invocations=44 (full 3):
 PSYoungGen      total 17408K, used 16952K [0x00000000eab00000, 0x00000000ebe80000, 0x0000000100000000)
  eden space 15360K, 100% used [0x00000000eab00000,0x00000000eba00000,0x00000000eba00000)
  from space 2048K, 77% used [0x00000000ebc80000,0x00000000ebe0e098,0x00000000ebe80000)
  to   space 2048K, 0% used [0x00000000eba00000,0x00000000eba00000,0x00000000ebc00000)
 ParOldGen       total 68608K, used 48611K [0x00000000c0000000, 0x00000000c4300000, 0x00000000eab00000)
  object space 68608K, 70% used [0x00000000c0000000,0x00000000c2f78d88,0x00000000c4300000)
 Metaspace       used 65502K, committed 66752K, reserved 1114112K
  class space    used 6889K, committed 7424K, reserved 1048576K
}
Event: 12.095 GC heap after
{Heap after GC invocations=44 (full 3):
 PSYoungGen      total 17408K, used 2043K [0x00000000eab00000, 0x00000000ebf00000, 0x0000000100000000)
  eden space 15360K, 0% used [0x00000000eab00000,0x00000000eab00000,0x00000000eba00000)
  from space 2048K, 99% used [0x00000000eba00000,0x00000000ebbfedc8,0x00000000ebc00000)
  to   space 2560K, 0% used [0x00000000ebc80000,0x00000000ebc80000,0x00000000ebf00000)
 ParOldGen       total 68608K, used 49890K [0x00000000c0000000, 0x00000000c4300000, 0x00000000eab00000)
  object space 68608K, 72% used [0x00000000c0000000,0x00000000c30b8ac0,0x00000000c4300000)
 Metaspace       used 65502K, committed 66752K, reserved 1114112K
  class space    used 6889K, committed 7424K, reserved 1048576K
}
Event: 12.256 GC heap before
{Heap before GC invocations=45 (full 3):
 PSYoungGen      total 17408K, used 17403K [0x00000000eab00000, 0x00000000ebf00000, 0x0000000100000000)
  eden space 15360K, 100% used [0x00000000eab00000,0x00000000eba00000,0x00000000eba00000)
  from space 2048K, 99% used [0x00000000eba00000,0x00000000ebbfedc8,0x00000000ebc00000)
  to   space 2560K, 0% used [0x00000000ebc80000,0x00000000ebc80000,0x00000000ebf00000)
 ParOldGen       total 68608K, used 49890K [0x00000000c0000000, 0x00000000c4300000, 0x00000000eab00000)
  object space 68608K, 72% used [0x00000000c0000000,0x00000000c30b8ac0,0x00000000c4300000)
 Metaspace       used 65587K, committed 66752K, reserved 1114112K
  class space    used 6901K, committed 7424K, reserved 1048576K
}
Event: 12.260 GC heap after
{Heap after GC invocations=45 (full 3):
 PSYoungGen      total 16896K, used 1146K [0x00000000eab00000, 0x00000000ebe00000, 0x0000000100000000)
  eden space 15360K, 0% used [0x00000000eab00000,0x00000000eab00000,0x00000000eba00000)
  from space 1536K, 74% used [0x00000000ebc80000,0x00000000ebd9e9b0,0x00000000ebe00000)
  to   space 1536K, 0% used [0x00000000ebb00000,0x00000000ebb00000,0x00000000ebc80000)
 ParOldGen       total 68608K, used 51591K [0x00000000c0000000, 0x00000000c4300000, 0x00000000eab00000)
  object space 68608K, 75% used [0x00000000c0000000,0x00000000c3261c68,0x00000000c4300000)
 Metaspace       used 65587K, committed 66752K, reserved 1114112K
  class space    used 6901K, committed 7424K, reserved 1048576K
}
Event: 12.324 GC heap before
{Heap before GC invocations=46 (full 3):
 PSYoungGen      total 16896K, used 16506K [0x00000000eab00000, 0x00000000ebe00000, 0x0000000100000000)
  eden space 15360K, 100% used [0x00000000eab00000,0x00000000eba00000,0x00000000eba00000)
  from space 1536K, 74% used [0x00000000ebc80000,0x00000000ebd9e9b0,0x00000000ebe00000)
  to   space 1536K, 0% used [0x00000000ebb00000,0x00000000ebb00000,0x00000000ebc80000)
 ParOldGen       total 68608K, used 51591K [0x00000000c0000000, 0x00000000c4300000, 0x00000000eab00000)
  object space 68608K, 75% used [0x00000000c0000000,0x00000000c3261c68,0x00000000c4300000)
 Metaspace       used 65611K, committed 66816K, reserved 1114112K
  class space    used 6904K, committed 7424K, reserved 1048576K
}
Event: 12.326 GC heap after
{Heap after GC invocations=46 (full 3):
 PSYoungGen      total 15872K, used 416K [0x00000000eab00000, 0x00000000ebd00000, 0x0000000100000000)
  eden space 15360K, 0% used [0x00000000eab00000,0x00000000eab00000,0x00000000eba00000)
  from space 512K, 81% used [0x00000000ebb00000,0x00000000ebb68000,0x00000000ebb80000)
  to   space 1024K, 0% used [0x00000000ebc00000,0x00000000ebc00000,0x00000000ebd00000)
 ParOldGen       total 68608K, used 52294K [0x00000000c0000000, 0x00000000c4300000, 0x00000000eab00000)
  object space 68608K, 76% used [0x00000000c0000000,0x00000000c3311960,0x00000000c4300000)
 Metaspace       used 65611K, committed 66816K, reserved 1114112K
  class space    used 6904K, committed 7424K, reserved 1048576K
}
Event: 12.395 GC heap before
{Heap before GC invocations=47 (full 3):
 PSYoungGen      total 15872K, used 15776K [0x00000000eab00000, 0x00000000ebd00000, 0x0000000100000000)
  eden space 15360K, 100% used [0x00000000eab00000,0x00000000eba00000,0x00000000eba00000)
  from space 512K, 81% used [0x00000000ebb00000,0x00000000ebb68000,0x00000000ebb80000)
  to   space 1024K, 0% used [0x00000000ebc00000,0x00000000ebc00000,0x00000000ebd00000)
 ParOldGen       total 68608K, used 52294K [0x00000000c0000000, 0x00000000c4300000, 0x00000000eab00000)
  object space 68608K, 76% used [0x00000000c0000000,0x00000000c3311960,0x00000000c4300000)
 Metaspace       used 65645K, committed 66880K, reserved 1114112K
  class space    used 6907K, committed 7424K, reserved 1048576K
}
Event: 12.397 GC heap after
{Heap after GC invocations=47 (full 3):
 PSYoungGen      total 16384K, used 1006K [0x00000000eab00000, 0x00000000ebd00000, 0x0000000100000000)
  eden space 15360K, 0% used [0x00000000eab00000,0x00000000eab00000,0x00000000eba00000)
  from space 1024K, 98% used [0x00000000ebc00000,0x00000000ebcfbb00,0x00000000ebd00000)
  to   space 1536K, 0% used [0x00000000eba00000,0x00000000eba00000,0x00000000ebb80000)
 ParOldGen       total 68608K, used 52422K [0x00000000c0000000, 0x00000000c4300000, 0x00000000eab00000)
  object space 68608K, 76% used [0x00000000c0000000,0x00000000c3331960,0x00000000c4300000)
 Metaspace       used 65645K, committed 66880K, reserved 1114112K
  class space    used 6907K, committed 7424K, reserved 1048576K
}
Event: 12.440 GC heap before
{Heap before GC invocations=48 (full 3):
 PSYoungGen      total 16384K, used 16366K [0x00000000eab00000, 0x00000000ebd00000, 0x0000000100000000)
  eden space 15360K, 100% used [0x00000000eab00000,0x00000000eba00000,0x00000000eba00000)
  from space 1024K, 98% used [0x00000000ebc00000,0x00000000ebcfbb00,0x00000000ebd00000)
  to   space 1536K, 0% used [0x00000000eba00000,0x00000000eba00000,0x00000000ebb80000)
 ParOldGen       total 68608K, used 52422K [0x00000000c0000000, 0x00000000c4300000, 0x00000000eab00000)
  object space 68608K, 76% used [0x00000000c0000000,0x00000000c3331960,0x00000000c4300000)
 Metaspace       used 65677K, committed 66880K, reserved 1114112K
  class space    used 6908K, committed 7424K, reserved 1048576K
}
Event: 12.442 GC heap after
{Heap after GC invocations=48 (full 3):
 PSYoungGen      total 16896K, used 1280K [0x00000000eab00000, 0x00000000ebd00000, 0x0000000100000000)
  eden space 15360K, 0% used [0x00000000eab00000,0x00000000eab00000,0x00000000eba00000)
  from space 1536K, 83% used [0x00000000eba00000,0x00000000ebb40000,0x00000000ebb80000)
  to   space 1536K, 0% used [0x00000000ebb80000,0x00000000ebb80000,0x00000000ebd00000)
 ParOldGen       total 68608K, used 53127K [0x00000000c0000000, 0x00000000c4300000, 0x00000000eab00000)
  object space 68608K, 77% used [0x00000000c0000000,0x00000000c33e1d60,0x00000000c4300000)
 Metaspace       used 65677K, committed 66880K, reserved 1114112K
  class space    used 6908K, committed 7424K, reserved 1048576K
}
Event: 12.489 GC heap before
{Heap before GC invocations=49 (full 3):
 PSYoungGen      total 16896K, used 16640K [0x00000000eab00000, 0x00000000ebd00000, 0x0000000100000000)
  eden space 15360K, 100% used [0x00000000eab00000,0x00000000eba00000,0x00000000eba00000)
  from space 1536K, 83% used [0x00000000eba00000,0x00000000ebb40000,0x00000000ebb80000)
  to   space 1536K, 0% used [0x00000000ebb80000,0x00000000ebb80000,0x00000000ebd00000)
 ParOldGen       total 68608K, used 53127K [0x00000000c0000000, 0x00000000c4300000, 0x00000000eab00000)
  object space 68608K, 77% used [0x00000000c0000000,0x00000000c33e1d60,0x00000000c4300000)
 Metaspace       used 65750K, committed 66944K, reserved 1114112K
  class space    used 6914K, committed 7424K, reserved 1048576K
}
Event: 12.491 GC heap after
{Heap after GC invocations=49 (full 3):
 PSYoungGen      total 16896K, used 1006K [0x00000000eab00000, 0x00000000ebd00000, 0x0000000100000000)
  eden space 15360K, 0% used [0x00000000eab00000,0x00000000eab00000,0x00000000eba00000)
  from space 1536K, 65% used [0x00000000ebb80000,0x00000000ebc7bb00,0x00000000ebd00000)
  to   space 1536K, 0% used [0x00000000eba00000,0x00000000eba00000,0x00000000ebb80000)
 ParOldGen       total 68608K, used 53815K [0x00000000c0000000, 0x00000000c4300000, 0x00000000eab00000)
  object space 68608K, 78% used [0x00000000c0000000,0x00000000c348dd60,0x00000000c4300000)
 Metaspace       used 65750K, committed 66944K, reserved 1114112K
  class space    used 6914K, committed 7424K, reserved 1048576K
}
Event: 12.524 GC heap before
{Heap before GC invocations=50 (full 3):
 PSYoungGen      total 16896K, used 16366K [0x00000000eab00000, 0x00000000ebd00000, 0x0000000100000000)
  eden space 15360K, 100% used [0x00000000eab00000,0x00000000eba00000,0x00000000eba00000)
  from space 1536K, 65% used [0x00000000ebb80000,0x00000000ebc7bb00,0x00000000ebd00000)
  to   space 1536K, 0% used [0x00000000eba00000,0x00000000eba00000,0x00000000ebb80000)
 ParOldGen       total 68608K, used 53815K [0x00000000c0000000, 0x00000000c4300000, 0x00000000eab00000)
  object space 68608K, 78% used [0x00000000c0000000,0x00000000c348dd60,0x00000000c4300000)
 Metaspace       used 65764K, committed 67008K, reserved 1114112K
  class space    used 6914K, committed 7424K, reserved 1048576K
}
Event: 12.526 GC heap after
{Heap after GC invocations=50 (full 3):
 PSYoungGen      total 16896K, used 1533K [0x00000000eab00000, 0x00000000ebd00000, 0x0000000100000000)
  eden space 15360K, 0% used [0x00000000eab00000,0x00000000eab00000,0x00000000eba00000)
  from space 1536K, 99% used [0x00000000eba00000,0x00000000ebb7f4c8,0x00000000ebb80000)
  to   space 1536K, 0% used [0x00000000ebb80000,0x00000000ebb80000,0x00000000ebd00000)
 ParOldGen       total 68608K, used 54616K [0x00000000c0000000, 0x00000000c4300000, 0x00000000eab00000)
  object space 68608K, 79% used [0x00000000c0000000,0x00000000c3556160,0x00000000c4300000)
 Metaspace       used 65764K, committed 67008K, reserved 1114112K
  class space    used 6914K, committed 7424K, reserved 1048576K
}

Dll operation events (10 events):
Event: 0.011 Loaded shared library c:\Users\Joe\.vscode\extensions\redhat.java-1.25.1-win32-x64\jre\17.0.9-win32-x86_64\bin\java.dll
Event: 0.229 Loaded shared library c:\Users\Joe\.vscode\extensions\redhat.java-1.25.1-win32-x64\jre\17.0.9-win32-x86_64\bin\zip.dll
Event: 0.233 Loaded shared library C:\Users\Joe\.vscode\extensions\redhat.java-1.25.1-win32-x64\jre\17.0.9-win32-x86_64\bin\instrument.dll
Event: 0.249 Loaded shared library C:\Users\Joe\.vscode\extensions\redhat.java-1.25.1-win32-x64\jre\17.0.9-win32-x86_64\bin\net.dll
Event: 0.252 Loaded shared library C:\Users\Joe\.vscode\extensions\redhat.java-1.25.1-win32-x64\jre\17.0.9-win32-x86_64\bin\nio.dll
Event: 0.260 Loaded shared library C:\Users\Joe\.vscode\extensions\redhat.java-1.25.1-win32-x64\jre\17.0.9-win32-x86_64\bin\zip.dll
Event: 0.279 Loaded shared library C:\Users\Joe\.vscode\extensions\redhat.java-1.25.1-win32-x64\jre\17.0.9-win32-x86_64\bin\jimage.dll
Event: 0.357 Loaded shared library c:\Users\Joe\.vscode\extensions\redhat.java-1.25.1-win32-x64\jre\17.0.9-win32-x86_64\bin\verify.dll
Event: 1.445 Loaded shared library C:\Users\Joe\AppData\Roaming\Code\User\globalStorage\redhat.java\1.25.1\config_win\org.eclipse.equinox.launcher\org.eclipse.equinox.launcher.win32.win32.x86_64_1.2.800.v20231003-1442\eclipse_11802.dll
Event: 4.693 Loaded shared library C:\Users\Joe\AppData\Local\Temp\jna-74656\jna13391258344439377475.dll

Deoptimization events (20 events):
Event: 12.329 Thread 0x000001d50b399e40 DEOPT PACKING pc=0x000001d5742a3934 sp=0x00000017396fbd80
Event: 12.329 Thread 0x000001d50b399e40 DEOPT UNPACKING pc=0x000001d573b766a3 sp=0x00000017396fbd20 mode 2
Event: 12.360 Thread 0x000001d50b399e40 Uncommon trap: trap_request=0xffffff6e fr.pc=0x000001d574413d30 relative=0x0000000000000290
Event: 12.360 Thread 0x000001d50b399e40 Uncommon trap: reason=loop_limit_check action=maybe_recompile pc=0x000001d574413d30 method=org.codehaus.plexus.util.xml.Xpp3Dom.getChild(Ljava/lang/String;)Lorg/codehaus/plexus/util/xml/Xpp3Dom; @ 29 c2
Event: 12.360 Thread 0x000001d50b399e40 DEOPT PACKING pc=0x000001d574413d30 sp=0x00000017396fe4a0
Event: 12.360 Thread 0x000001d50b399e40 DEOPT UNPACKING pc=0x000001d573b766a3 sp=0x00000017396fe460 mode 2
Event: 12.401 Thread 0x000001d50b399e40 DEOPT PACKING pc=0x000001d56d57ed45 sp=0x00000017396fd340
Event: 12.401 Thread 0x000001d50b399e40 DEOPT UNPACKING pc=0x000001d573b76e43 sp=0x00000017396fc928 mode 0
Event: 12.435 Thread 0x000001d50b39e520 DEOPT PACKING pc=0x000001d56d4942a2 sp=0x00000017390fe5a0
Event: 12.435 Thread 0x000001d50b39e520 DEOPT UNPACKING pc=0x000001d573b76e43 sp=0x00000017390fdac0 mode 0
Event: 12.466 Thread 0x000001d50b399930 DEOPT PACKING pc=0x000001d56d4942a2 sp=0x00000017391fe1e0
Event: 12.466 Thread 0x000001d50b399930 DEOPT UNPACKING pc=0x000001d573b76e43 sp=0x00000017391fd700 mode 0
Event: 12.510 Thread 0x000001d50b399930 Uncommon trap: trap_request=0xffffff45 fr.pc=0x000001d574678208 relative=0x0000000000000fa8
Event: 12.510 Thread 0x000001d50b39e520 Uncommon trap: trap_request=0xffffff45 fr.pc=0x000001d574678208 relative=0x0000000000000fa8
Event: 12.510 Thread 0x000001d50b399930 Uncommon trap: reason=unstable_if action=reinterpret pc=0x000001d574678208 method=org.eclipse.jdt.internal.core.util.MementoTokenizer.escape(Ljava/lang/StringBuffer;Ljava/lang/String;)V @ 19 c2
Event: 12.510 Thread 0x000001d50b39e520 Uncommon trap: reason=unstable_if action=reinterpret pc=0x000001d574678208 method=org.eclipse.jdt.internal.core.util.MementoTokenizer.escape(Ljava/lang/StringBuffer;Ljava/lang/String;)V @ 19 c2
Event: 12.510 Thread 0x000001d50b39e520 DEOPT PACKING pc=0x000001d574678208 sp=0x00000017390fe280
Event: 12.510 Thread 0x000001d50b39e520 DEOPT UNPACKING pc=0x000001d573b766a3 sp=0x00000017390fe278 mode 2
Event: 12.510 Thread 0x000001d50b399930 DEOPT PACKING pc=0x000001d574678208 sp=0x00000017391fdcd0
Event: 12.510 Thread 0x000001d50b399930 DEOPT UNPACKING pc=0x000001d573b766a3 sp=0x00000017391fdcc8 mode 2

Classes unloaded (7 events):
Event: 4.211 Thread 0x000001d569ab6890 Unloading class 0x0000000100258000 'java/lang/invoke/LambdaForm$MH+0x0000000100258000'
Event: 4.211 Thread 0x000001d569ab6890 Unloading class 0x0000000100257c00 'java/lang/invoke/LambdaForm$MH+0x0000000100257c00'
Event: 4.211 Thread 0x000001d569ab6890 Unloading class 0x0000000100257800 'java/lang/invoke/LambdaForm$MH+0x0000000100257800'
Event: 4.211 Thread 0x000001d569ab6890 Unloading class 0x0000000100257400 'java/lang/invoke/LambdaForm$MH+0x0000000100257400'
Event: 4.211 Thread 0x000001d569ab6890 Unloading class 0x0000000100257000 'java/lang/invoke/LambdaForm$BMH+0x0000000100257000'
Event: 4.211 Thread 0x000001d569ab6890 Unloading class 0x0000000100256c00 'java/lang/invoke/LambdaForm$DMH+0x0000000100256c00'
Event: 4.211 Thread 0x000001d569ab6890 Unloading class 0x0000000100254000 'java/lang/invoke/LambdaForm$DMH+0x0000000100254000'

Classes redefined (0 events):
No events

Internal exceptions (20 events):
Event: 10.843 Thread 0x000001d50b399e40 Exception <a 'java/lang/NoSuchMethodError'{0x00000000eb3b7008}: 'void java.lang.invoke.DirectMethodHandle$Holder.invokeInterface(java.lang.Object, java.lang.Object)'> (0x00000000eb3b7008) 
thrown [s\src\hotspot\share\interpreter\linkResolver.cpp, line 759]
Event: 10.853 Thread 0x000001d50b399e40 Exception <a 'java/lang/NoSuchMethodError'{0x00000000eb403438}: 'java.lang.Object java.lang.invoke.DirectMethodHandle$Holder.newInvokeSpecial(java.lang.Object, java.lang.Object, java.lang.Object, java.lang.Object, java.lang.Object, java.lang.Object)'> (0x00000000eb403438) 
thrown [s\src\hotspot\share\interpreter\linkResolver.cpp, line 759]
Event: 10.860 Thread 0x000001d50b398f10 Exception <a 'java/lang/NoSuchMethodError'{0x00000000eb48dc98}: 'void java.lang.invoke.DirectMethodHandle$Holder.invokeSpecial(java.lang.Object, java.lang.Object, java.lang.Object, java.lang.Object, java.lang.Object, java.lang.Object, java.lang.Object, java.lang.Object)'> (0x00000000eb48dc98) 
thrown [s\src\hotspot\share\interpreter\linkResolver.cpp, line 759]
Event: 10.860 Thread 0x000001d50b39c1b0 Exception <a 'java/lang/NoSuchMethodError'{0x00000000eb4dd8c8}: 'void java.lang.invoke.DirectMethodHandle$Holder.invokeSpecial(java.lang.Object, java.lang.Object, java.lang.Object, java.lang.Object, java.lang.Object, java.lang.Object, java.lang.Object, java.lang.Object)'> (0x00000000eb4dd8c8) 
thrown [s\src\hotspot\share\interpreter\linkResolver.cpp, line 759]
Event: 10.860 Thread 0x000001d50b39f450 Exception <a 'java/lang/NoSuchMethodError'{0x00000000eb4cf9e8}: 'void java.lang.invoke.DirectMethodHandle$Holder.invokeSpecial(java.lang.Object, java.lang.Object, java.lang.Object, java.lang.Object, java.lang.Object, java.lang.Object, java.lang.Object, java.lang.Object)'> (0x00000000eb4cf9e8) 
thrown [s\src\hotspot\share\interpreter\linkResolver.cpp, line 759]
Event: 10.860 Thread 0x000001d50b39a860 Exception <a 'java/lang/NoSuchMethodError'{0x00000000eb4c1ce0}: 'void java.lang.invoke.DirectMethodHandle$Holder.invokeSpecial(java.lang.Object, java.lang.Object, java.lang.Object, java.lang.Object, java.lang.Object, java.lang.Object, java.lang.Object, java.lang.Object)'> (0x00000000eb4c1ce0) 
thrown [s\src\hotspot\share\interpreter\linkResolver.cpp, line 759]
Event: 10.860 Thread 0x000001d50b39c6c0 Exception <a 'java/lang/NoSuchMethodError'{0x00000000eb49bdc0}: 'void java.lang.invoke.DirectMethodHandle$Holder.invokeSpecial(java.lang.Object, java.lang.Object, java.lang.Object, java.lang.Object, java.lang.Object, java.lang.Object, java.lang.Object, java.lang.Object)'> (0x00000000eb49bdc0) 
thrown [s\src\hotspot\share\interpreter\linkResolver.cpp, line 759]
Event: 11.289 Thread 0x000001d50b39ef40 Exception <a 'java/lang/NoSuchMethodError'{0x00000000eab33750}: 'java.lang.Object java.lang.invoke.DirectMethodHandle$Holder.invokeSpecial(java.lang.Object, java.lang.Object, int, long)'> (0x00000000eab33750) 
thrown [s\src\hotspot\share\interpreter\linkResolver.cpp, line 759]
Event: 11.749 Thread 0x000001d50b3984f0 Exception <a 'java/lang/ArrayIndexOutOfBoundsException'{0x00000000eafbdfc8}: Index 1415 out of bounds for length 1414> (0x00000000eafbdfc8) 
thrown [s\src\hotspot\share\interpreter\interpreterRuntime.cpp, line 428]
Event: 11.815 Thread 0x000001d50b397fe0 Exception <a 'java/io/FileNotFoundException'{0x00000000eb203d10}> (0x00000000eb203d10) 
thrown [s\src\hotspot\share\prims\jni.cpp, line 516]
Event: 11.820 Thread 0x000001d50b397fe0 Exception <a 'java/io/FileNotFoundException'{0x00000000eb204fc8}> (0x00000000eb204fc8) 
thrown [s\src\hotspot\share\prims\jni.cpp, line 516]
Event: 11.844 Thread 0x000001d50b399e40 Implicit null exception at 0x000001d5745b8b1c to 0x000001d5745b8f70
Event: 11.844 Thread 0x000001d50b399e40 Implicit null exception at 0x000001d5745b959f to 0x000001d5745b99e8
Event: 12.228 Thread 0x000001d50b399e40 Exception <a 'java/lang/NoSuchMethodError'{0x00000000eb671cd8}: 'long java.lang.invoke.DirectMethodHandle$Holder.invokeStatic(java.lang.Object, java.lang.Object)'> (0x00000000eb671cd8) 
thrown [s\src\hotspot\share\interpreter\linkResolver.cpp, line 759]
Event: 12.263 Thread 0x000001d50b399e40 Exception <a 'java/lang/NoSuchMethodError'{0x00000000eab1bab8}: 'java.lang.Object java.lang.invoke.DirectMethodHandle$Holder.newInvokeSpecial(java.lang.Object, java.lang.Object, java.lang.Object, int)'> (0x00000000eab1bab8) 
thrown [s\src\hotspot\share\interpreter\linkResolver.cpp, line 759]
Event: 12.266 Thread 0x000001d50b399e40 Exception <a 'java/lang/NoSuchMethodError'{0x00000000eabca5d0}: 'java.lang.Object java.lang.invoke.DirectMethodHandle$Holder.invokeSpecial(java.lang.Object, java.lang.Object, java.lang.Object, java.lang.Object, int)'> (0x00000000eabca5d0) 
thrown [s\src\hotspot\share\interpreter\linkResolver.cpp, line 759]
Event: 12.272 Thread 0x000001d50b399e40 Exception <a 'java/lang/NoSuchMethodError'{0x00000000eac34ec8}: 'java.lang.Object java.lang.invoke.Invokers$Holder.linkToTargetMethod(java.lang.Object, java.lang.Object, int, java.lang.Object)'> (0x00000000eac34ec8) 
thrown [s\src\hotspot\share\interpreter\linkResolver.cpp, line 759]
Event: 12.329 Thread 0x000001d50b399e40 Exception <a 'java/lang/NoSuchMethodError'{0x00000000eab7e478}: static Lorg/apache/maven/model/InputLocation;.<clinit>()V> (0x00000000eab7e478) 
thrown [s\src\hotspot\share\prims\jni.cpp, line 1107]
Event: 12.332 Thread 0x000001d50b399e40 Exception <a 'java/lang/NoSuchMethodError'{0x00000000eac15448}: static Lorg/apache/maven/model/InputSource;.<clinit>()V> (0x00000000eac15448) 
thrown [s\src\hotspot\share\prims\jni.cpp, line 1107]
Event: 12.461 Thread 0x000001d50b399e40 Exception <a 'java/lang/NoSuchMethodError'{0x00000000eb27b628}: 'void java.lang.invoke.DirectMethodHandle$Holder.invokeSpecial(java.lang.Object, java.lang.Object, java.lang.Object, java.lang.Object, java.lang.Object)'> (0x00000000eb27b628) 
thrown [s\src\hotspot\share\interpreter\linkResolver.cpp, line 759]

VM Operations (20 events):
Event: 12.016 Executing VM operation: ParallelGCFailedAllocation
Event: 12.020 Executing VM operation: ParallelGCFailedAllocation done
Event: 12.092 Executing VM operation: ParallelGCFailedAllocation
Event: 12.095 Executing VM operation: ParallelGCFailedAllocation done
Event: 12.256 Executing VM operation: ParallelGCFailedAllocation
Event: 12.260 Executing VM operation: ParallelGCFailedAllocation done
Event: 12.324 Executing VM operation: ParallelGCFailedAllocation
Event: 12.326 Executing VM operation: ParallelGCFailedAllocation done
Event: 12.395 Executing VM operation: ParallelGCFailedAllocation
Event: 12.397 Executing VM operation: ParallelGCFailedAllocation done
Event: 12.440 Executing VM operation: ParallelGCFailedAllocation
Event: 12.443 Executing VM operation: ParallelGCFailedAllocation done
Event: 12.477 Executing VM operation: HandshakeAllThreads
Event: 12.477 Executing VM operation: HandshakeAllThreads done
Event: 12.483 Executing VM operation: HandshakeAllThreads
Event: 12.483 Executing VM operation: HandshakeAllThreads done
Event: 12.489 Executing VM operation: ParallelGCFailedAllocation
Event: 12.491 Executing VM operation: ParallelGCFailedAllocation done
Event: 12.523 Executing VM operation: ParallelGCFailedAllocation
Event: 12.526 Executing VM operation: ParallelGCFailedAllocation done

Events (20 events):
Event: 11.247 Thread 0x000001d50b39ea30 Thread added: 0x000001d50b39ea30
Event: 11.247 Thread 0x000001d50b39c1b0 Thread added: 0x000001d50b39c1b0
Event: 11.304 Thread 0x000001d50e474700 Thread added: 0x000001d50e474700
Event: 11.415 loading class java/lang/UnsupportedClassVersionError
Event: 11.415 loading class java/lang/UnsupportedClassVersionError done
Event: 11.450 loading class jdk/internal/reflect/UnsafeQualifiedStaticIntegerFieldAccessorImpl
Event: 11.451 loading class jdk/internal/reflect/UnsafeQualifiedStaticIntegerFieldAccessorImpl done
Event: 11.660 Thread 0x000001d50b3984f0 Thread added: 0x000001d50b3984f0
Event: 11.719 Thread 0x000001d50b398f10 Thread added: 0x000001d50b398f10
Event: 11.807 loading class java/util/Hashtable$KeySet
Event: 11.809 loading class java/util/Hashtable$KeySet done
Event: 11.842 Thread 0x000001d50b39c1b0 Thread exited: 0x000001d50b39c1b0
Event: 11.843 Thread 0x000001d50b39a860 Thread exited: 0x000001d50b39a860
Event: 11.843 Thread 0x000001d50b39f450 Thread exited: 0x000001d50b39f450
Event: 11.845 Thread 0x000001d50b398a00 Thread exited: 0x000001d50b398a00
Event: 11.846 Thread 0x000001d50b39ea30 Thread exited: 0x000001d50b39ea30
Event: 12.227 loading class java/util/function/ToLongFunction
Event: 12.227 loading class java/util/function/ToLongFunction done
Event: 12.242 loading class java/lang/invoke/MethodHandleImpl$CountingWrapper$1
Event: 12.242 loading class java/lang/invoke/MethodHandleImpl$CountingWrapper$1 done


Dynamic libraries:
0x00007ff7e9150000 - 0x00007ff7e915e000 	c:\Users\Joe\.vscode\extensions\redhat.java-1.25.1-win32-x64\jre\17.0.9-win32-x86_64\bin\java.exe
0x00007ffd59f90000 - 0x00007ffd5a188000 	C:\WINDOWS\SYSTEM32\ntdll.dll
0x00007ffd58a60000 - 0x00007ffd58b1d000 	C:\WINDOWS\System32\KERNEL32.DLL
0x00007ffd577b0000 - 0x00007ffd57aa6000 	C:\WINDOWS\System32\KERNELBASE.dll
0x00007ffd57b50000 - 0x00007ffd57c50000 	C:\WINDOWS\System32\ucrtbase.dll
0x00007ffd45ac0000 - 0x00007ffd45adb000 	c:\Users\Joe\.vscode\extensions\redhat.java-1.25.1-win32-x64\jre\17.0.9-win32-x86_64\bin\VCRUNTIME140.dll
0x00007ffd45ae0000 - 0x00007ffd45af7000 	c:\Users\Joe\.vscode\extensions\redhat.java-1.25.1-win32-x64\jre\17.0.9-win32-x86_64\bin\jli.dll
0x00007ffd57ff0000 - 0x00007ffd5818e000 	C:\WINDOWS\System32\USER32.dll
0x00007ffd57ab0000 - 0x00007ffd57ad2000 	C:\WINDOWS\System32\win32u.dll
0x00007ffd593b0000 - 0x00007ffd593dc000 	C:\WINDOWS\System32\GDI32.dll
0x00007ffd3bc40000 - 0x00007ffd3beda000 	C:\WINDOWS\WinSxS\amd64_microsoft.windows.common-controls_6595b64144ccf1df_6.0.19041.3636_none_60b6a03d71f818d5\COMCTL32.dll
0x00007ffd57cf0000 - 0x00007ffd57e0a000 	C:\WINDOWS\System32\gdi32full.dll
0x00007ffd58250000 - 0x00007ffd582ee000 	C:\WINDOWS\System32\msvcrt.dll
0x00007ffd57c50000 - 0x00007ffd57ced000 	C:\WINDOWS\System32\msvcp_win.dll
0x00007ffd584e0000 - 0x00007ffd58510000 	C:\WINDOWS\System32\IMM32.DLL
0x00007ffd45ab0000 - 0x00007ffd45abc000 	c:\Users\Joe\.vscode\extensions\redhat.java-1.25.1-win32-x64\jre\17.0.9-win32-x86_64\bin\vcruntime140_1.dll
0x00007ffd236b0000 - 0x00007ffd2373d000 	c:\Users\Joe\.vscode\extensions\redhat.java-1.25.1-win32-x64\jre\17.0.9-win32-x86_64\bin\msvcp140.dll
0x00007ffd14280000 - 0x00007ffd14ee1000 	c:\Users\Joe\.vscode\extensions\redhat.java-1.25.1-win32-x64\jre\17.0.9-win32-x86_64\bin\server\jvm.dll
0x00007ffd58520000 - 0x00007ffd585cf000 	C:\WINDOWS\System32\ADVAPI32.dll
0x00007ffd589b0000 - 0x00007ffd58a4c000 	C:\WINDOWS\System32\sechost.dll
0x00007ffd593e0000 - 0x00007ffd59506000 	C:\WINDOWS\System32\RPCRT4.dll
0x00007ffd56b90000 - 0x00007ffd56bdb000 	C:\WINDOWS\SYSTEM32\POWRPROF.dll
0x00007ffd4bc70000 - 0x00007ffd4bc97000 	C:\WINDOWS\SYSTEM32\WINMM.dll
0x00007ffd3e490000 - 0x00007ffd3e499000 	C:\WINDOWS\SYSTEM32\WSOCK32.dll
0x00007ffd4e520000 - 0x00007ffd4e52a000 	C:\WINDOWS\SYSTEM32\VERSION.dll
0x00007ffd59340000 - 0x00007ffd593ab000 	C:\WINDOWS\System32\WS2_32.dll
0x00007ffd56a50000 - 0x00007ffd56a62000 	C:\WINDOWS\SYSTEM32\UMPDC.dll
0x00007ffd55e80000 - 0x00007ffd55e92000 	C:\WINDOWS\SYSTEM32\kernel.appcore.dll
0x00007ffd45aa0000 - 0x00007ffd45aaa000 	c:\Users\Joe\.vscode\extensions\redhat.java-1.25.1-win32-x64\jre\17.0.9-win32-x86_64\bin\jimage.dll
0x00007ffd554d0000 - 0x00007ffd556b4000 	C:\WINDOWS\SYSTEM32\DBGHELP.DLL
0x00007ffd33210000 - 0x00007ffd33244000 	C:\WINDOWS\SYSTEM32\dbgcore.DLL
0x00007ffd57720000 - 0x00007ffd577a2000 	C:\WINDOWS\System32\bcryptPrimitives.dll
0x00007ffd263b0000 - 0x00007ffd263be000 	c:\Users\Joe\.vscode\extensions\redhat.java-1.25.1-win32-x64\jre\17.0.9-win32-x86_64\bin\instrument.dll
0x00007ffd253c0000 - 0x00007ffd253e5000 	c:\Users\Joe\.vscode\extensions\redhat.java-1.25.1-win32-x64\jre\17.0.9-win32-x86_64\bin\java.dll
0x00007ffd25290000 - 0x00007ffd252a8000 	c:\Users\Joe\.vscode\extensions\redhat.java-1.25.1-win32-x64\jre\17.0.9-win32-x86_64\bin\zip.dll
0x00007ffd58bf0000 - 0x00007ffd59335000 	C:\WINDOWS\System32\SHELL32.dll
0x00007ffd556d0000 - 0x00007ffd55e6b000 	C:\WINDOWS\SYSTEM32\windows.storage.dll
0x00007ffd599e0000 - 0x00007ffd59d34000 	C:\WINDOWS\System32\combase.dll
0x00007ffd57050000 - 0x00007ffd5707d000 	C:\WINDOWS\SYSTEM32\Wldp.dll
0x00007ffd586e0000 - 0x00007ffd5878d000 	C:\WINDOWS\System32\SHCORE.dll
0x00007ffd581f0000 - 0x00007ffd58245000 	C:\WINDOWS\System32\shlwapi.dll
0x00007ffd575a0000 - 0x00007ffd575c5000 	C:\WINDOWS\SYSTEM32\profapi.dll
0x00007ffd25270000 - 0x00007ffd25289000 	C:\Users\Joe\.vscode\extensions\redhat.java-1.25.1-win32-x64\jre\17.0.9-win32-x86_64\bin\net.dll
0x00007ffd4f360000 - 0x00007ffd4f46a000 	C:\WINDOWS\SYSTEM32\WINHTTP.dll
0x00007ffd56db0000 - 0x00007ffd56e1a000 	C:\WINDOWS\system32\mswsock.dll
0x00007ffd24750000 - 0x00007ffd24766000 	C:\Users\Joe\.vscode\extensions\redhat.java-1.25.1-win32-x64\jre\17.0.9-win32-x86_64\bin\nio.dll
0x00007ffd25b10000 - 0x00007ffd25b20000 	c:\Users\Joe\.vscode\extensions\redhat.java-1.25.1-win32-x64\jre\17.0.9-win32-x86_64\bin\verify.dll
0x00007ffd23990000 - 0x00007ffd239ce000 	C:\Users\Joe\AppData\Roaming\Code\User\globalStorage\redhat.java\1.25.1\config_win\org.eclipse.equinox.launcher\org.eclipse.equinox.launcher.win32.win32.x86_64_1.2.800.v20231003-1442\eclipse_11802.dll
0x00007ffd59e20000 - 0x00007ffd59f4b000 	C:\WINDOWS\System32\ole32.dll
0x00007ffd56f90000 - 0x00007ffd56fa8000 	C:\WINDOWS\SYSTEM32\CRYPTSP.dll
0x00007ffd56690000 - 0x00007ffd566c4000 	C:\WINDOWS\system32\rsaenh.dll
0x00007ffd57e60000 - 0x00007ffd57e87000 	C:\WINDOWS\System32\bcrypt.dll
0x00007ffd57520000 - 0x00007ffd5754e000 	C:\WINDOWS\SYSTEM32\USERENV.dll
0x00007ffd56f50000 - 0x00007ffd56f5c000 	C:\WINDOWS\SYSTEM32\CRYPTBASE.dll
0x00007ffd56a70000 - 0x00007ffd56aab000 	C:\WINDOWS\SYSTEM32\IPHLPAPI.DLL
0x00007ffd58a50000 - 0x00007ffd58a58000 	C:\WINDOWS\System32\NSI.dll
0x00007ffd50510000 - 0x00007ffd50527000 	C:\WINDOWS\SYSTEM32\dhcpcsvc6.DLL
0x00007ffd504f0000 - 0x00007ffd5050d000 	C:\WINDOWS\SYSTEM32\dhcpcsvc.DLL
0x00007ffd56ac0000 - 0x00007ffd56b8a000 	C:\WINDOWS\SYSTEM32\DNSAPI.dll
0x00007ffd22bf0000 - 0x00007ffd22c35000 	C:\Users\Joe\AppData\Local\Temp\jna-74656\jna13391258344439377475.dll
0x00007ffd589a0000 - 0x00007ffd589a8000 	C:\WINDOWS\System32\PSAPI.DLL

dbghelp: loaded successfully - version: 4.0.5 - missing functions: none
symbol engine: initialized successfully - sym options: 0x614 - pdb path: .;c:\Users\Joe\.vscode\extensions\redhat.java-1.25.1-win32-x64\jre\17.0.9-win32-x86_64\bin;C:\WINDOWS\SYSTEM32;C:\WINDOWS\WinSxS\amd64_microsoft.windows.common-controls_6595b64144ccf1df_6.0.19041.3636_none_60b6a03d71f818d5;c:\Users\Joe\.vscode\extensions\redhat.java-1.25.1-win32-x64\jre\17.0.9-win32-x86_64\bin\server;C:\Users\Joe\AppData\Roaming\Code\User\globalStorage\redhat.java\1.25.1\config_win\org.eclipse.equinox.launcher\org.eclipse.equinox.launcher.win32.win32.x86_64_1.2.800.v20231003-1442;C:\Users\Joe\AppData\Local\Temp\jna-74656

VM Arguments:
jvm_args: --add-modules=ALL-SYSTEM --add-opens=java.base/java.util=ALL-UNNAMED --add-opens=java.base/java.lang=ALL-UNNAMED --add-opens=java.base/sun.nio.fs=ALL-UNNAMED -Declipse.application=org.eclipse.jdt.ls.core.id1 -Dosgi.bundles.defaultStartLevel=4 -Declipse.product=org.eclipse.jdt.ls.core.product -Djava.import.generatesMetadataFilesAtProjectRoot=false -DDetectVMInstallationsJob.disabled=true -Dfile.encoding=utf8 -XX:+UseParallelGC -XX:GCTimeRatio=4 -XX:AdaptiveSizePolicyWeight=90 -Dsun.zip.disableMemoryMapping=true -Xmx1G -Xms100m -Xlog:disable -javaagent:c:\Users\Joe\.vscode\extensions\redhat.java-1.25.1-win32-x64\lombok\lombok-1.18.30.jar -XX:+HeapDumpOnOutOfMemoryError -XX:HeapDumpPath=c:\Users\Joe\AppData\Roaming\Code\User\workspaceStorage\1b87303517c46d550ae91e200a721e68\redhat.java -Daether.dependencyCollector.impl=bf 
java_command: c:\Users\Joe\.vscode\extensions\redhat.java-1.25.1-win32-x64\server\plugins\org.eclipse.equinox.launcher_1.6.600.v20231106-1826.jar -configuration c:\Users\Joe\AppData\Roaming\Code\User\globalStorage\redhat.java\1.25.1\config_win -data c:\Users\Joe\AppData\Roaming\Code\User\workspaceStorage\1b87303517c46d550ae91e200a721e68\redhat.java\jdt_ws --stdio
java_class_path (initial): c:\Users\Joe\.vscode\extensions\redhat.java-1.25.1-win32-x64\server\plugins\org.eclipse.equinox.launcher_1.6.600.v20231106-1826.jar
Launcher Type: SUN_STANDARD

[Global flags]
    uintx AdaptiveSizePolicyWeight                 = 90                                        {product} {command line}
     intx CICompilerCount                          = 12                                        {product} {ergonomic}
    uintx GCTimeRatio                              = 4                                         {product} {command line}
     bool HeapDumpOnOutOfMemoryError               = true                                   {manageable} {command line}
    ccstr HeapDumpPath                             = c:\Users\Joe\AppData\Roaming\Code\User\workspaceStorage\1b87303517c46d550ae91e200a721e68\redhat.java         {manageable} {command line}
   size_t InitialHeapSize                          = 104857600                                 {product} {command line}
   size_t MaxHeapSize                              = 1073741824                                {product} {command line}
   size_t MaxNewSize                               = 357564416                                 {product} {ergonomic}
   size_t MinHeapDeltaBytes                        = 524288                                    {product} {ergonomic}
   size_t MinHeapSize                              = 104857600                                 {product} {command line}
   size_t NewSize                                  = 34603008                                  {product} {ergonomic}
    uintx NonNMethodCodeHeapSize                   = 7602480                                {pd product} {ergonomic}
    uintx NonProfiledCodeHeapSize                  = 122027880                              {pd product} {ergonomic}
   size_t OldSize                                  = 70254592                                  {product} {ergonomic}
    uintx ProfiledCodeHeapSize                     = 122027880                              {pd product} {ergonomic}
    uintx ReservedCodeCacheSize                    = 251658240                              {pd product} {ergonomic}
     bool SegmentedCodeCache                       = true                                      {product} {ergonomic}
   size_t SoftMaxHeapSize                          = 1073741824                             {manageable} {ergonomic}
     bool UseCompressedClassPointers               = true                           {product lp64_product} {ergonomic}
     bool UseCompressedOops                        = true                           {product lp64_product} {ergonomic}
     bool UseLargePagesIndividualAllocation        = false                                  {pd product} {ergonomic}
     bool UseParallelGC                            = true                                      {product} {command line}

Logging:
Log output configuration:
 #0: stdout all=off uptime,level,tags
 #1: stderr all=off uptime,level,tags

Environment Variables:
PATH=C:\Program Files\Common Files\Oracle\Java\javapath;C:\oraclexe\app\oracle\product\11.2.0\server\bin;C:\Windows\system32;C:\Windows;C:\Windows\System32\Wbem;C:\Windows\System32\WindowsPowerShell\v1.0\;C:\Windows\System32\OpenSSH\;C:\Program Files (x86)\NVIDIA Corporation\PhysX\Common;C:\Program Files\NVIDIA Corporation\NVIDIA NvDLISR;C:\WINDOWS\system32;C:\WINDOWS;C:\WINDOWS\System32\Wbem;C:\WINDOWS\System32\WindowsPowerShell\v1.0\;C:\WINDOWS\System32\OpenSSH\;C:\Program Files\Microsoft SQL Server\150\Tools\Binn\;C:\Program Files\Microsoft SQL Server\Client SDK\ODBC\170\Tools\Binn\;C:\Program Files\dotnet\;C:\Program Files\nodejs\;C:\Program Files (x86)\Yarn\bin\;C:\Program Files\Git\cmd;C:\Program Files\Docker\Docker\resources\bin;C:\Users\Joe\Downloads\apache-maven-3.9.5-bin\apache-maven-3.9.5\bin;C:\Users\Joe\AppData\Local\Microsoft\WindowsApps;C:\Users\Joe\AppData\Local\Programs\Microsoft VS Code\bin;C:\Users\Joe\.dotnet\tools;C:\Users\Joe\AppData\Roaming\npm;C:\Users\Joe\AppData\Local\Yarn\bin;C:\Users\Joe\AppData\Local\Temp\MicrosoftEdgeDownloads\38dbbd7d-edd0-43a8-9d29-f4ad4df299d2\apache-maven-3.9.5-bin\apache-maven-3.9.5\bin;
USERNAME=Joe
OS=Windows_NT
PROCESSOR_IDENTIFIER=AMD64 Family 25 Model 80 Stepping 0, AuthenticAMD
TMP=C:\Users\Joe\AppData\Local\Temp
TEMP=C:\Users\Joe\AppData\Local\Temp



Periodic native trim disabled


---------------  S Y S T E M  ---------------

OS:
 Windows 10 , 64 bit Build 19041 (10.0.19041.3636)
OS uptime: 18 days 17:30 hours
Hyper-V role detected

CPU: total 16 (initial active 16) (16 cores per cpu, 2 threads per core) family 25 model 80 stepping 0 microcode 0x0, cx8, cmov, fxsr, ht, mmx, 3dnowpref, sse, sse2, sse3, ssse3, sse4a, sse4.1, sse4.2, popcnt, lzcnt, tsc, tscinvbit, avx, avx2, aes, erms, clmul, bmi1, bmi2, adx, sha, fma, vzeroupper, clflush, clflushopt, hv
Processor Information for all 16 processors :
  Max Mhz: 3201, Current Mhz: 3201, Mhz Limit: 3201

Memory: 4k page, system-wide physical 15724M (2635M free)
TotalPageFile size 19820M (AvailPageFile size 10M)
current process WorkingSet (physical memory assigned to process): 320M, peak: 320M
current process commit charge ("private bytes"): 391M, peak: 404M

vm_info: OpenJDK 64-Bit Server VM (17.0.9+9) for windows-amd64 JRE (17.0.9+9), built on Oct 26 2023 14:01:42 by "admin" with MS VC++ 16.10 / 16.11 (VS2019)

END.
